[debug] [2024-03-23T22:53:32.844Z] ----------------------------------------------------------------------
[debug] [2024-03-23T22:53:32.847Z] Command:       C:\Program Files\nodejs\node.exe C:\Users\zpelk\AppData\Roaming\npm\node_modules\firebase-tools\lib\bin\firebase.js deploy --only functions
[debug] [2024-03-23T22:53:32.847Z] CLI Version:   13.5.1
[debug] [2024-03-23T22:53:32.847Z] Platform:      win32
[debug] [2024-03-23T22:53:32.847Z] Node Version:  v18.17.1
[debug] [2024-03-23T22:53:32.848Z] Time:          Sat Mar 23 2024 16:53:32 GMT-0600 (Mountain Daylight Saving Time)
[debug] [2024-03-23T22:53:32.848Z] ----------------------------------------------------------------------
[debug] 
[debug] [2024-03-23T22:53:32.851Z] >>> [apiv2][query] GET https://firebase-public.firebaseio.com/cli.json [none]
[debug] [2024-03-23T22:53:32.961Z] > command requires scopes: ["email","openid","https://www.googleapis.com/auth/cloudplatformprojects.readonly","https://www.googleapis.com/auth/firebase","https://www.googleapis.com/auth/cloud-platform"]
[debug] [2024-03-23T22:53:32.962Z] > authorizing via signed-in user (zach99065@gmail.com)
[debug] [2024-03-23T22:53:32.962Z] [iam] checking project betbetbonanza for permissions ["cloudfunctions.functions.create","cloudfunctions.functions.delete","cloudfunctions.functions.get","cloudfunctions.functions.list","cloudfunctions.functions.update","cloudfunctions.operations.get","firebase.projects.get"]
[debug] [2024-03-23T22:53:32.962Z] > refreshing access token with scopes: []
[debug] [2024-03-23T22:53:32.963Z] >>> [apiv2][query] POST https://www.googleapis.com/oauth2/v3/token [none]
[debug] [2024-03-23T22:53:32.963Z] >>> [apiv2][body] POST https://www.googleapis.com/oauth2/v3/token [omitted]
[debug] [2024-03-23T22:53:33.197Z] <<< [apiv2][status] POST https://www.googleapis.com/oauth2/v3/token 200
[debug] [2024-03-23T22:53:33.198Z] <<< [apiv2][body] POST https://www.googleapis.com/oauth2/v3/token [omitted]
[debug] [2024-03-23T22:53:33.212Z] >>> [apiv2][query] POST https://cloudresourcemanager.googleapis.com/v1/projects/betbetbonanza:testIamPermissions [none]
[debug] [2024-03-23T22:53:33.212Z] >>> [apiv2][(partial)header] POST https://cloudresourcemanager.googleapis.com/v1/projects/betbetbonanza:testIamPermissions x-goog-quota-user=projects/betbetbonanza
[debug] [2024-03-23T22:53:33.212Z] >>> [apiv2][body] POST https://cloudresourcemanager.googleapis.com/v1/projects/betbetbonanza:testIamPermissions {"permissions":["cloudfunctions.functions.create","cloudfunctions.functions.delete","cloudfunctions.functions.get","cloudfunctions.functions.list","cloudfunctions.functions.update","cloudfunctions.operations.get","firebase.projects.get"]}
[debug] [2024-03-23T22:53:33.214Z] <<< [apiv2][status] GET https://firebase-public.firebaseio.com/cli.json 200
[debug] [2024-03-23T22:53:33.214Z] <<< [apiv2][body] GET https://firebase-public.firebaseio.com/cli.json {"cloudBuildErrorAfter":1594252800000,"cloudBuildWarnAfter":1590019200000,"defaultNode10After":1594252800000,"minVersion":"3.0.5","node8DeploysDisabledAfter":1613390400000,"node8RuntimeDisabledAfter":1615809600000,"node8WarnAfter":1600128000000}
[debug] [2024-03-23T22:53:33.471Z] <<< [apiv2][status] POST https://cloudresourcemanager.googleapis.com/v1/projects/betbetbonanza:testIamPermissions 200
[debug] [2024-03-23T22:53:33.471Z] <<< [apiv2][body] POST https://cloudresourcemanager.googleapis.com/v1/projects/betbetbonanza:testIamPermissions {"permissions":["cloudfunctions.functions.create","cloudfunctions.functions.delete","cloudfunctions.functions.get","cloudfunctions.functions.list","cloudfunctions.functions.update","cloudfunctions.operations.get","firebase.projects.get"]}
[debug] [2024-03-23T22:53:33.472Z] >>> [apiv2][query] POST https://iam.googleapis.com/v1/projects/betbetbonanza/serviceAccounts/betbetbonanza@appspot.gserviceaccount.com:testIamPermissions [none]
[debug] [2024-03-23T22:53:33.472Z] >>> [apiv2][body] POST https://iam.googleapis.com/v1/projects/betbetbonanza/serviceAccounts/betbetbonanza@appspot.gserviceaccount.com:testIamPermissions {"permissions":["iam.serviceAccounts.actAs"]}
[debug] [2024-03-23T22:53:33.952Z] <<< [apiv2][status] POST https://iam.googleapis.com/v1/projects/betbetbonanza/serviceAccounts/betbetbonanza@appspot.gserviceaccount.com:testIamPermissions 200
[debug] [2024-03-23T22:53:33.952Z] <<< [apiv2][body] POST https://iam.googleapis.com/v1/projects/betbetbonanza/serviceAccounts/betbetbonanza@appspot.gserviceaccount.com:testIamPermissions {"permissions":["iam.serviceAccounts.actAs"]}
[info] 
[info] === Deploying to 'betbetbonanza'...
[info] 
[info] i  deploying functions 
[debug] [2024-03-23T22:53:33.959Z] >>> [apiv2][query] GET https://firebase.googleapis.com/v1beta1/projects/betbetbonanza [none]
[debug] [2024-03-23T22:53:34.276Z] <<< [apiv2][status] GET https://firebase.googleapis.com/v1beta1/projects/betbetbonanza 200
[debug] [2024-03-23T22:53:34.277Z] <<< [apiv2][body] GET https://firebase.googleapis.com/v1beta1/projects/betbetbonanza {"projectId":"betbetbonanza","projectNumber":"175118442458","displayName":"BetBetBonanza","name":"projects/betbetbonanza","resources":{"hostingSite":"betbetbonanza","realtimeDatabaseInstance":"betbetbonanza-default-rtdb","storageBucket":"betbetbonanza.appspot.com","locationId":"us-central"},"state":"ACTIVE","etag":"1_d06aa2c5-095f-4287-a5bf-e230c03e1723"}
[info] i  functions: preparing codebase default for deployment 
[info] i  functions: ensuring required API cloudfunctions.googleapis.com is enabled... 
[info] i  functions: ensuring required API cloudbuild.googleapis.com is enabled... 
[info] i  artifactregistry: ensuring required API artifactregistry.googleapis.com is enabled... 
[debug] [2024-03-23T22:53:34.281Z] >>> [apiv2][query] GET https://serviceusage.googleapis.com/v1/projects/betbetbonanza/services/cloudfunctions.googleapis.com [none]
[debug] [2024-03-23T22:53:34.281Z] >>> [apiv2][(partial)header] GET https://serviceusage.googleapis.com/v1/projects/betbetbonanza/services/cloudfunctions.googleapis.com x-goog-quota-user=projects/betbetbonanza
[debug] [2024-03-23T22:53:34.283Z] >>> [apiv2][query] GET https://serviceusage.googleapis.com/v1/projects/betbetbonanza/services/runtimeconfig.googleapis.com [none]
[debug] [2024-03-23T22:53:34.283Z] >>> [apiv2][(partial)header] GET https://serviceusage.googleapis.com/v1/projects/betbetbonanza/services/runtimeconfig.googleapis.com x-goog-quota-user=projects/betbetbonanza
[debug] [2024-03-23T22:53:34.283Z] >>> [apiv2][query] GET https://serviceusage.googleapis.com/v1/projects/betbetbonanza/services/cloudbuild.googleapis.com [none]
[debug] [2024-03-23T22:53:34.283Z] >>> [apiv2][(partial)header] GET https://serviceusage.googleapis.com/v1/projects/betbetbonanza/services/cloudbuild.googleapis.com x-goog-quota-user=projects/betbetbonanza
[debug] [2024-03-23T22:53:34.284Z] >>> [apiv2][query] GET https://serviceusage.googleapis.com/v1/projects/betbetbonanza/services/artifactregistry.googleapis.com [none]
[debug] [2024-03-23T22:53:34.284Z] >>> [apiv2][(partial)header] GET https://serviceusage.googleapis.com/v1/projects/betbetbonanza/services/artifactregistry.googleapis.com x-goog-quota-user=projects/betbetbonanza
[debug] [2024-03-23T22:53:34.938Z] <<< [apiv2][status] GET https://serviceusage.googleapis.com/v1/projects/betbetbonanza/services/runtimeconfig.googleapis.com 200
[debug] [2024-03-23T22:53:34.938Z] <<< [apiv2][body] GET https://serviceusage.googleapis.com/v1/projects/betbetbonanza/services/runtimeconfig.googleapis.com [omitted]
[debug] [2024-03-23T22:53:34.945Z] <<< [apiv2][status] GET https://serviceusage.googleapis.com/v1/projects/betbetbonanza/services/artifactregistry.googleapis.com 200
[debug] [2024-03-23T22:53:34.945Z] <<< [apiv2][body] GET https://serviceusage.googleapis.com/v1/projects/betbetbonanza/services/artifactregistry.googleapis.com [omitted]
[info] +  artifactregistry: required API artifactregistry.googleapis.com is enabled 
[debug] [2024-03-23T22:53:34.946Z] <<< [apiv2][status] GET https://serviceusage.googleapis.com/v1/projects/betbetbonanza/services/cloudbuild.googleapis.com 200
[debug] [2024-03-23T22:53:34.946Z] <<< [apiv2][body] GET https://serviceusage.googleapis.com/v1/projects/betbetbonanza/services/cloudbuild.googleapis.com [omitted]
[info] +  functions: required API cloudbuild.googleapis.com is enabled 
[debug] [2024-03-23T22:53:34.947Z] <<< [apiv2][status] GET https://serviceusage.googleapis.com/v1/projects/betbetbonanza/services/cloudfunctions.googleapis.com 200
[debug] [2024-03-23T22:53:34.947Z] <<< [apiv2][body] GET https://serviceusage.googleapis.com/v1/projects/betbetbonanza/services/cloudfunctions.googleapis.com [omitted]
[info] +  functions: required API cloudfunctions.googleapis.com is enabled 
[debug] [2024-03-23T22:53:34.948Z] >>> [apiv2][query] GET https://firebase.googleapis.com/v1beta1/projects/betbetbonanza/adminSdkConfig [none]
[debug] [2024-03-23T22:53:35.392Z] <<< [apiv2][status] GET https://firebase.googleapis.com/v1beta1/projects/betbetbonanza/adminSdkConfig 200
[debug] [2024-03-23T22:53:35.392Z] <<< [apiv2][body] GET https://firebase.googleapis.com/v1beta1/projects/betbetbonanza/adminSdkConfig {"projectId":"betbetbonanza","databaseURL":"https://betbetbonanza-default-rtdb.firebaseio.com","storageBucket":"betbetbonanza.appspot.com","locationId":"us-central"}
[debug] [2024-03-23T22:53:35.393Z] >>> [apiv2][query] GET https://runtimeconfig.googleapis.com/v1beta1/projects/betbetbonanza/configs [none]
[debug] [2024-03-23T22:53:36.101Z] <<< [apiv2][status] GET https://runtimeconfig.googleapis.com/v1beta1/projects/betbetbonanza/configs 200
[debug] [2024-03-23T22:53:36.102Z] <<< [apiv2][body] GET https://runtimeconfig.googleapis.com/v1beta1/projects/betbetbonanza/configs {}
[debug] [2024-03-23T22:53:36.105Z] Validating nodejs source
[warn] !  functions: package.json indicates an outdated version of firebase-functions. Please upgrade using npm install --save firebase-functions@latest in your functions directory. 
[debug] [2024-03-23T22:53:37.197Z] > [functions] package.json contents: {
  "name": "functions",
  "description": "Cloud Functions for Firebase",
  "scripts": {
    "serve": "firebase emulators:start --only functions",
    "shell": "firebase functions:shell",
    "start": "npm run shell",
    "deploy": "firebase deploy --only functions",
    "logs": "firebase functions:log"
  },
  "engines": {
    "node": "18"
  },
  "main": "index.js",
  "dependencies": {
    "axios": "^1.6.7",
    "firebase-admin": "^11.8.0",
    "firebase-functions": "^4.3.1"
  },
  "devDependencies": {
    "firebase-functions-test": "^3.1.0"
  },
  "private": true
}
[debug] [2024-03-23T22:53:37.197Z] Building nodejs source
[info] i  functions: Loading and analyzing source code for codebase default to determine what to deploy 
[debug] [2024-03-23T22:53:37.199Z] Could not find functions.yaml. Must use http discovery
[debug] [2024-03-23T22:53:37.206Z] Found firebase-functions binary at 'C:\Users\zpelk\SENG401\betbetbonanza\functions\node_modules\.bin\firebase-functions'
[info] Serving at port 8779

[debug] [2024-03-23T22:53:38.135Z] Got response from /__/functions.yaml {"endpoints":{"updateGameResults":{"platform":"gcfv1","availableMemoryMb":null,"timeoutSeconds":null,"minInstances":null,"maxInstances":null,"ingressSettings":null,"serviceAccountEmail":null,"vpc":null,"scheduleTrigger":{"schedule":"every 4 hours","retryConfig":{"retryCount":null,"maxDoublings":null,"maxRetryDuration":null,"maxBackoffDuration":null,"minBackoffDuration":null},"timeZone":null},"labels":{},"entryPoint":"updateGameResults"}},"specVersion":"v1alpha1","requiredAPIs":[{"api":"cloudscheduler.googleapis.com","reason":"Needed for scheduled functions."}]}
[info] i  functions: preparing functions directory for uploading... 
[info] i  functions: packaged C:\Users\zpelk\SENG401\betbetbonanza\functions (68.64 KB) for uploading 
[debug] [2024-03-23T22:53:38.183Z] >>> [apiv2][query] GET https://cloudfunctions.googleapis.com/v1/projects/betbetbonanza/locations/-/functions [none]
[debug] [2024-03-23T22:53:38.721Z] <<< [apiv2][status] GET https://cloudfunctions.googleapis.com/v1/projects/betbetbonanza/locations/-/functions 200
[debug] [2024-03-23T22:53:38.721Z] <<< [apiv2][body] GET https://cloudfunctions.googleapis.com/v1/projects/betbetbonanza/locations/-/functions {"functions":[{"name":"projects/betbetbonanza/locations/us-central1/functions/updateGameResults","eventTrigger":{"eventType":"google.pubsub.topic.publish","resource":"projects/betbetbonanza/topics/firebase-schedule-updateGameResults-us-central1","service":"pubsub.googleapis.com","failurePolicy":{}},"status":"ACTIVE","entryPoint":"updateGameResults","timeout":"60s","availableMemoryMb":256,"serviceAccountEmail":"betbetbonanza@appspot.gserviceaccount.com","updateTime":"2024-03-19T19:40:16.985Z","versionId":"1","labels":{"deployment-tool":"cli-firebase","deployment-scheduled":"true","firebase-functions-hash":"96647bfb3d2f6b7bf037a453d5209c85faf28655"},"sourceUploadUrl":"https://storage.googleapis.com/uploads-508669796436.us-central1.cloudfunctions.appspot.com/067f282a-c324-4f99-9182-91f94fd37809.zip","environmentVariables":{"FIREBASE_CONFIG":"{\"projectId\":\"betbetbonanza\",\"databaseURL\":\"https://betbetbonanza-default-rtdb.firebaseio.com\",\"storageBucket\":\"betbetbonanza.appspot.com\",\"locationId\":\"us-central\"}","GCLOUD_PROJECT":"betbetbonanza","EVENTARC_CLOUD_EVENT_SOURCE":"projects/betbetbonanza/locations/us-central1/functions/updateGameResults"},"runtime":"nodejs18","maxInstances":3000,"ingressSettings":"ALLOW_ALL","buildId":"1f4e232f-e4da-446e-9fb5-19b04273a791","buildEnvironmentVariables":{"GOOGLE_NODE_RUN_SCRIPTS":""},"buildName":"projects/175118442458/locations/us-central1/builds/1f4e232f-e4da-446e-9fb5-19b04273a791","dockerRegistry":"ARTIFACT_REGISTRY","automaticUpdatePolicy":{}}]}
[debug] [2024-03-23T22:53:38.724Z] >>> [apiv2][query] GET https://cloudfunctions.googleapis.com/v2/projects/betbetbonanza/locations/-/functions filter=environment%3D%22GEN_2%22
[debug] [2024-03-23T22:53:39.241Z] <<< [apiv2][status] GET https://cloudfunctions.googleapis.com/v2/projects/betbetbonanza/locations/-/functions 200
[debug] [2024-03-23T22:53:39.241Z] <<< [apiv2][body] GET https://cloudfunctions.googleapis.com/v2/projects/betbetbonanza/locations/-/functions {}
[info] i  functions: ensuring required API cloudscheduler.googleapis.com is enabled... 
[debug] [2024-03-23T22:53:39.244Z] >>> [apiv2][query] GET https://serviceusage.googleapis.com/v1/projects/betbetbonanza/services/cloudscheduler.googleapis.com [none]
[debug] [2024-03-23T22:53:39.244Z] >>> [apiv2][(partial)header] GET https://serviceusage.googleapis.com/v1/projects/betbetbonanza/services/cloudscheduler.googleapis.com x-goog-quota-user=projects/betbetbonanza
[debug] [2024-03-23T22:53:39.768Z] <<< [apiv2][status] GET https://serviceusage.googleapis.com/v1/projects/betbetbonanza/services/cloudscheduler.googleapis.com 200
[debug] [2024-03-23T22:53:39.768Z] <<< [apiv2][body] GET https://serviceusage.googleapis.com/v1/projects/betbetbonanza/services/cloudscheduler.googleapis.com [omitted]
[info] +  functions: required API cloudscheduler.googleapis.com is enabled 
[debug] [2024-03-23T22:53:39.770Z] >>> [apiv2][query] GET https://firebase.googleapis.com/v1beta1/projects/betbetbonanza [none]
[debug] [2024-03-23T22:53:39.961Z] <<< [apiv2][status] GET https://firebase.googleapis.com/v1beta1/projects/betbetbonanza 200
[debug] [2024-03-23T22:53:39.962Z] <<< [apiv2][body] GET https://firebase.googleapis.com/v1beta1/projects/betbetbonanza {"projectId":"betbetbonanza","projectNumber":"175118442458","displayName":"BetBetBonanza","name":"projects/betbetbonanza","resources":{"hostingSite":"betbetbonanza","realtimeDatabaseInstance":"betbetbonanza-default-rtdb","storageBucket":"betbetbonanza.appspot.com","locationId":"us-central"},"state":"ACTIVE","etag":"1_d06aa2c5-095f-4287-a5bf-e230c03e1723"}
[debug] [2024-03-23T22:53:39.962Z] >>> [apiv2][query] POST https://cloudfunctions.googleapis.com/v1/projects/betbetbonanza/locations/us-central1/functions:generateUploadUrl [none]
[debug] [2024-03-23T22:53:39.962Z] >>> [apiv2][body] POST https://cloudfunctions.googleapis.com/v1/projects/betbetbonanza/locations/us-central1/functions:generateUploadUrl {}
[debug] [2024-03-23T22:53:40.540Z] <<< [apiv2][status] POST https://cloudfunctions.googleapis.com/v1/projects/betbetbonanza/locations/us-central1/functions:generateUploadUrl 200
[debug] [2024-03-23T22:53:40.541Z] <<< [apiv2][body] POST https://cloudfunctions.googleapis.com/v1/projects/betbetbonanza/locations/us-central1/functions:generateUploadUrl {"uploadUrl":"https://storage.googleapis.com/uploads-508669796436.us-central1.cloudfunctions.appspot.com/e943dfec-ee1a-4a8d-a265-3fd55c554667.zip?GoogleAccessId=service-175118442458@gcf-admin-robot.iam.gserviceaccount.com&Expires=1711236215&Signature=UcIHW3xpWzpZ4drsmK4%2FJYI%2FY0wfPOjw06ka287QMyQ9VA0LKyP75WfySZLYNOQhVL5hMAR6HUzwd807Lp06I1lLvgFsrIcXEP%2FUmkYeil1RRKGwHng5cjfMKuzhuJohHFcjPwXocGf2pderK%2FwNZ5FqZg0hNa59y5FZiBWb%2F%2FsYKPcce7%2FTrP6szrlN2uSo7PTksNfKm8mQ%2FNDtJ%2FvoH9Kh1QDOf52G701GXSPfFbz7juGGTVeK93VXmX0iPD5NTEIfh7ut8dMl0Ch5xZTKDdzBSM8eNhObST1vvDgP1zF9aqjd%2B676DexiE4XqIQhXTSx2ftCggQtfRXPWFAnHTQ%3D%3D"}
[debug] [2024-03-23T22:53:40.541Z] >>> [apiv2][query] PUT https://storage.googleapis.com/uploads-508669796436.us-central1.cloudfunctions.appspot.com/e943dfec-ee1a-4a8d-a265-3fd55c554667.zip GoogleAccessId=service-175118442458%40gcf-admin-robot.iam.gserviceaccount.com&Expires=1711236215&Signature=UcIHW3xpWzpZ4drsmK4%2FJYI%2FY0wfPOjw06ka287QMyQ9VA0LKyP75WfySZLYNOQhVL5hMAR6HUzwd807Lp06I1lLvgFsrIcXEP%2FUmkYeil1RRKGwHng5cjfMKuzhuJohHFcjPwXocGf2pderK%2FwNZ5FqZg0hNa59y5FZiBWb%2F%2FsYKPcce7%2FTrP6szrlN2uSo7PTksNfKm8mQ%2FNDtJ%2FvoH9Kh1QDOf52G701GXSPfFbz7juGGTVeK93VXmX0iPD5NTEIfh7ut8dMl0Ch5xZTKDdzBSM8eNhObST1vvDgP1zF9aqjd%2B676DexiE4XqIQhXTSx2ftCggQtfRXPWFAnHTQ%3D%3D
[debug] [2024-03-23T22:53:40.541Z] >>> [apiv2][body] PUT https://storage.googleapis.com/uploads-508669796436.us-central1.cloudfunctions.appspot.com/e943dfec-ee1a-4a8d-a265-3fd55c554667.zip [stream]
[debug] [2024-03-23T22:53:40.986Z] <<< [apiv2][status] PUT https://storage.googleapis.com/uploads-508669796436.us-central1.cloudfunctions.appspot.com/e943dfec-ee1a-4a8d-a265-3fd55c554667.zip 200
[debug] [2024-03-23T22:53:40.986Z] <<< [apiv2][body] PUT https://storage.googleapis.com/uploads-508669796436.us-central1.cloudfunctions.appspot.com/e943dfec-ee1a-4a8d-a265-3fd55c554667.zip [omitted]
[info] +  functions: functions folder uploaded successfully 
[info] i  functions: updating Node.js 18 (1st Gen) function updateGameResults(us-central1)... 
[debug] [2024-03-23T22:53:40.997Z] >>> [apiv2][query] PATCH https://cloudfunctions.googleapis.com/v1/projects/betbetbonanza/locations/us-central1/functions/updateGameResults updateMask=name%2CsourceUploadUrl%2CentryPoint%2Cruntime%2CdockerRegistry%2Clabels%2CeventTrigger.eventType%2CeventTrigger.resource%2CminInstances%2CmaxInstances%2CingressSettings%2CenvironmentVariables%2CserviceAccountEmail%2CavailableMemoryMb%2Ctimeout%2CvpcConnector%2CvpcConnectorEgressSettings%2CsourceToken%2CbuildEnvironmentVariables
[debug] [2024-03-23T22:53:40.998Z] >>> [apiv2][body] PATCH https://cloudfunctions.googleapis.com/v1/projects/betbetbonanza/locations/us-central1/functions/updateGameResults {"name":"projects/betbetbonanza/locations/us-central1/functions/updateGameResults","sourceUploadUrl":"https://storage.googleapis.com/uploads-508669796436.us-central1.cloudfunctions.appspot.com/e943dfec-ee1a-4a8d-a265-3fd55c554667.zip?GoogleAccessId=service-175118442458@gcf-admin-robot.iam.gserviceaccount.com&Expires=1711236215&Signature=UcIHW3xpWzpZ4drsmK4%2FJYI%2FY0wfPOjw06ka287QMyQ9VA0LKyP75WfySZLYNOQhVL5hMAR6HUzwd807Lp06I1lLvgFsrIcXEP%2FUmkYeil1RRKGwHng5cjfMKuzhuJohHFcjPwXocGf2pderK%2FwNZ5FqZg0hNa59y5FZiBWb%2F%2FsYKPcce7%2FTrP6szrlN2uSo7PTksNfKm8mQ%2FNDtJ%2FvoH9Kh1QDOf52G701GXSPfFbz7juGGTVeK93VXmX0iPD5NTEIfh7ut8dMl0Ch5xZTKDdzBSM8eNhObST1vvDgP1zF9aqjd%2B676DexiE4XqIQhXTSx2ftCggQtfRXPWFAnHTQ%3D%3D","entryPoint":"updateGameResults","runtime":"nodejs18","dockerRegistry":"ARTIFACT_REGISTRY","labels":{"deployment-tool":"cli-firebase","deployment-scheduled":"true","firebase-functions-hash":"3c70c588cf28c06f1d61af0bfc17c5f20cfaa5bd"},"eventTrigger":{"eventType":"google.pubsub.topic.publish","resource":"projects/betbetbonanza/topics/firebase-schedule-updateGameResults-us-central1"},"minInstances":null,"maxInstances":null,"ingressSettings":null,"environmentVariables":{"FIREBASE_CONFIG":"{\"projectId\":\"betbetbonanza\",\"databaseURL\":\"https://betbetbonanza-default-rtdb.firebaseio.com\",\"storageBucket\":\"betbetbonanza.appspot.com\",\"locationId\":\"us-central\"}","GCLOUD_PROJECT":"betbetbonanza","EVENTARC_CLOUD_EVENT_SOURCE":"projects/betbetbonanza/locations/us-central1/functions/updateGameResults"},"serviceAccountEmail":null,"availableMemoryMb":null,"timeout":null,"vpcConnector":null,"vpcConnectorEgressSettings":null,"buildEnvironmentVariables":{"GOOGLE_NODE_RUN_SCRIPTS":""}}
[debug] [2024-03-23T22:53:41.730Z] <<< [apiv2][status] PATCH https://cloudfunctions.googleapis.com/v1/projects/betbetbonanza/locations/us-central1/functions/updateGameResults 200
[debug] [2024-03-23T22:53:41.730Z] <<< [apiv2][body] PATCH https://cloudfunctions.googleapis.com/v1/projects/betbetbonanza/locations/us-central1/functions/updateGameResults {"name":"operations/YmV0YmV0Ym9uYW56YS91cy1jZW50cmFsMS91cGRhdGVHYW1lUmVzdWx0cy92THVQbllwTXJ6WQ","metadata":{"@type":"type.googleapis.com/google.cloud.functions.v1.OperationMetadataV1","target":"projects/betbetbonanza/locations/us-central1/functions/updateGameResults","type":"UPDATE_FUNCTION","request":{"@type":"type.googleapis.com/google.cloud.functions.v1.CloudFunction","name":"projects/betbetbonanza/locations/us-central1/functions/updateGameResults","eventTrigger":{"eventType":"google.pubsub.topic.publish","resource":"projects/betbetbonanza/topics/firebase-schedule-updateGameResults-us-central1","service":"pubsub.googleapis.com","failurePolicy":{}},"status":"ACTIVE","entryPoint":"updateGameResults","updateTime":"2024-03-19T19:40:16.985Z","versionId":"1","labels":{"deployment-tool":"cli-firebase","deployment-scheduled":"true","firebase-functions-hash":"3c70c588cf28c06f1d61af0bfc17c5f20cfaa5bd"},"sourceUploadUrl":"https://storage.googleapis.com/uploads-508669796436.us-central1.cloudfunctions.appspot.com/e943dfec-ee1a-4a8d-a265-3fd55c554667.zip?GoogleAccessId=service-175118442458@gcf-admin-robot.iam.gserviceaccount.com&Expires=1711236215&Signature=UcIHW3xpWzpZ4drsmK4%2FJYI%2FY0wfPOjw06ka287QMyQ9VA0LKyP75WfySZLYNOQhVL5hMAR6HUzwd807Lp06I1lLvgFsrIcXEP%2FUmkYeil1RRKGwHng5cjfMKuzhuJohHFcjPwXocGf2pderK%2FwNZ5FqZg0hNa59y5FZiBWb%2F%2FsYKPcce7%2FTrP6szrlN2uSo7PTksNfKm8mQ%2FNDtJ%2FvoH9Kh1QDOf52G701GXSPfFbz7juGGTVeK93VXmX0iPD5NTEIfh7ut8dMl0Ch5xZTKDdzBSM8eNhObST1vvDgP1zF9aqjd%2B676DexiE4XqIQhXTSx2ftCggQtfRXPWFAnHTQ%3D%3D","environmentVariables":{"FIREBASE_CONFIG":"{\"projectId\":\"betbetbonanza\",\"databaseURL\":\"https://betbetbonanza-default-rtdb.firebaseio.com\",\"storageBucket\":\"betbetbonanza.appspot.com\",\"locationId\":\"us-central\"}","GCLOUD_PROJECT":"betbetbonanza","EVENTARC_CLOUD_EVENT_SOURCE":"projects/betbetbonanza/locations/us-central1/functions/updateGameResults"},"runtime":"nodejs18","buildId":"1f4e232f-e4da-446e-9fb5-19b04273a791","buildEnvironmentVariables":{"GOOGLE_NODE_RUN_SCRIPTS":""},"buildName":"projects/175118442458/locations/us-central1/builds/1f4e232f-e4da-446e-9fb5-19b04273a791","dockerRegistry":"ARTIFACT_REGISTRY","automaticUpdatePolicy":{}},"versionId":"2","updateTime":"2024-03-23T22:53:36Z"}}
[debug] [2024-03-23T22:53:41.731Z] >>> [apiv2][query] GET https://cloudfunctions.googleapis.com/v1/operations/YmV0YmV0Ym9uYW56YS91cy1jZW50cmFsMS91cGRhdGVHYW1lUmVzdWx0cy92THVQbllwTXJ6WQ [none]
[debug] [2024-03-23T22:53:42.035Z] <<< [apiv2][status] GET https://cloudfunctions.googleapis.com/v1/operations/YmV0YmV0Ym9uYW56YS91cy1jZW50cmFsMS91cGRhdGVHYW1lUmVzdWx0cy92THVQbllwTXJ6WQ 200
[debug] [2024-03-23T22:53:42.035Z] <<< [apiv2][body] GET https://cloudfunctions.googleapis.com/v1/operations/YmV0YmV0Ym9uYW56YS91cy1jZW50cmFsMS91cGRhdGVHYW1lUmVzdWx0cy92THVQbllwTXJ6WQ {"name":"operations/YmV0YmV0Ym9uYW56YS91cy1jZW50cmFsMS91cGRhdGVHYW1lUmVzdWx0cy92THVQbllwTXJ6WQ","metadata":{"@type":"type.googleapis.com/google.cloud.functions.v1.OperationMetadataV1","target":"projects/betbetbonanza/locations/us-central1/functions/updateGameResults","type":"UPDATE_FUNCTION","request":{"@type":"type.googleapis.com/google.cloud.functions.v1.CloudFunction","name":"projects/betbetbonanza/locations/us-central1/functions/updateGameResults","eventTrigger":{"eventType":"google.pubsub.topic.publish","resource":"projects/betbetbonanza/topics/firebase-schedule-updateGameResults-us-central1","service":"pubsub.googleapis.com","failurePolicy":{}},"status":"ACTIVE","entryPoint":"updateGameResults","updateTime":"2024-03-19T19:40:16.985Z","versionId":"1","labels":{"deployment-tool":"cli-firebase","deployment-scheduled":"true","firebase-functions-hash":"3c70c588cf28c06f1d61af0bfc17c5f20cfaa5bd"},"sourceUploadUrl":"https://storage.googleapis.com/uploads-508669796436.us-central1.cloudfunctions.appspot.com/e943dfec-ee1a-4a8d-a265-3fd55c554667.zip?GoogleAccessId=service-175118442458@gcf-admin-robot.iam.gserviceaccount.com&Expires=1711236215&Signature=UcIHW3xpWzpZ4drsmK4%2FJYI%2FY0wfPOjw06ka287QMyQ9VA0LKyP75WfySZLYNOQhVL5hMAR6HUzwd807Lp06I1lLvgFsrIcXEP%2FUmkYeil1RRKGwHng5cjfMKuzhuJohHFcjPwXocGf2pderK%2FwNZ5FqZg0hNa59y5FZiBWb%2F%2FsYKPcce7%2FTrP6szrlN2uSo7PTksNfKm8mQ%2FNDtJ%2FvoH9Kh1QDOf52G701GXSPfFbz7juGGTVeK93VXmX0iPD5NTEIfh7ut8dMl0Ch5xZTKDdzBSM8eNhObST1vvDgP1zF9aqjd%2B676DexiE4XqIQhXTSx2ftCggQtfRXPWFAnHTQ%3D%3D","environmentVariables":{"FIREBASE_CONFIG":"{\"projectId\":\"betbetbonanza\",\"databaseURL\":\"https://betbetbonanza-default-rtdb.firebaseio.com\",\"storageBucket\":\"betbetbonanza.appspot.com\",\"locationId\":\"us-central\"}","GCLOUD_PROJECT":"betbetbonanza","EVENTARC_CLOUD_EVENT_SOURCE":"projects/betbetbonanza/locations/us-central1/functions/updateGameResults"},"runtime":"nodejs18","buildId":"1f4e232f-e4da-446e-9fb5-19b04273a791","buildEnvironmentVariables":{"GOOGLE_NODE_RUN_SCRIPTS":""},"buildName":"projects/175118442458/locations/us-central1/builds/1f4e232f-e4da-446e-9fb5-19b04273a791","dockerRegistry":"ARTIFACT_REGISTRY","automaticUpdatePolicy":{}},"versionId":"2","updateTime":"2024-03-23T22:53:36Z"}}
[debug] [2024-03-23T22:53:42.539Z] [update-default-us-central1-updateGameResults] Retrying task index 0
[debug] [2024-03-23T22:53:42.540Z] >>> [apiv2][query] GET https://cloudfunctions.googleapis.com/v1/operations/YmV0YmV0Ym9uYW56YS91cy1jZW50cmFsMS91cGRhdGVHYW1lUmVzdWx0cy92THVQbllwTXJ6WQ [none]
[debug] [2024-03-23T22:53:42.877Z] <<< [apiv2][status] GET https://cloudfunctions.googleapis.com/v1/operations/YmV0YmV0Ym9uYW56YS91cy1jZW50cmFsMS91cGRhdGVHYW1lUmVzdWx0cy92THVQbllwTXJ6WQ 200
[debug] [2024-03-23T22:53:42.877Z] <<< [apiv2][body] GET https://cloudfunctions.googleapis.com/v1/operations/YmV0YmV0Ym9uYW56YS91cy1jZW50cmFsMS91cGRhdGVHYW1lUmVzdWx0cy92THVQbllwTXJ6WQ {"name":"operations/YmV0YmV0Ym9uYW56YS91cy1jZW50cmFsMS91cGRhdGVHYW1lUmVzdWx0cy92THVQbllwTXJ6WQ","metadata":{"@type":"type.googleapis.com/google.cloud.functions.v1.OperationMetadataV1","target":"projects/betbetbonanza/locations/us-central1/functions/updateGameResults","type":"UPDATE_FUNCTION","request":{"@type":"type.googleapis.com/google.cloud.functions.v1.CloudFunction","name":"projects/betbetbonanza/locations/us-central1/functions/updateGameResults","eventTrigger":{"eventType":"google.pubsub.topic.publish","resource":"projects/betbetbonanza/topics/firebase-schedule-updateGameResults-us-central1","service":"pubsub.googleapis.com","failurePolicy":{}},"status":"ACTIVE","entryPoint":"updateGameResults","updateTime":"2024-03-19T19:40:16.985Z","versionId":"1","labels":{"deployment-tool":"cli-firebase","deployment-scheduled":"true","firebase-functions-hash":"3c70c588cf28c06f1d61af0bfc17c5f20cfaa5bd"},"sourceUploadUrl":"https://storage.googleapis.com/uploads-508669796436.us-central1.cloudfunctions.appspot.com/e943dfec-ee1a-4a8d-a265-3fd55c554667.zip?GoogleAccessId=service-175118442458@gcf-admin-robot.iam.gserviceaccount.com&Expires=1711236215&Signature=UcIHW3xpWzpZ4drsmK4%2FJYI%2FY0wfPOjw06ka287QMyQ9VA0LKyP75WfySZLYNOQhVL5hMAR6HUzwd807Lp06I1lLvgFsrIcXEP%2FUmkYeil1RRKGwHng5cjfMKuzhuJohHFcjPwXocGf2pderK%2FwNZ5FqZg0hNa59y5FZiBWb%2F%2FsYKPcce7%2FTrP6szrlN2uSo7PTksNfKm8mQ%2FNDtJ%2FvoH9Kh1QDOf52G701GXSPfFbz7juGGTVeK93VXmX0iPD5NTEIfh7ut8dMl0Ch5xZTKDdzBSM8eNhObST1vvDgP1zF9aqjd%2B676DexiE4XqIQhXTSx2ftCggQtfRXPWFAnHTQ%3D%3D","environmentVariables":{"FIREBASE_CONFIG":"{\"projectId\":\"betbetbonanza\",\"databaseURL\":\"https://betbetbonanza-default-rtdb.firebaseio.com\",\"storageBucket\":\"betbetbonanza.appspot.com\",\"locationId\":\"us-central\"}","GCLOUD_PROJECT":"betbetbonanza","EVENTARC_CLOUD_EVENT_SOURCE":"projects/betbetbonanza/locations/us-central1/functions/updateGameResults"},"runtime":"nodejs18","buildId":"1f4e232f-e4da-446e-9fb5-19b04273a791","buildEnvironmentVariables":{"GOOGLE_NODE_RUN_SCRIPTS":""},"buildName":"projects/175118442458/locations/us-central1/builds/1f4e232f-e4da-446e-9fb5-19b04273a791","dockerRegistry":"ARTIFACT_REGISTRY","automaticUpdatePolicy":{}},"versionId":"2","updateTime":"2024-03-23T22:53:36Z","buildId":"bc7c6d65-3028-4471-b7c4-4dca67cce00f","buildName":"projects/175118442458/locations/us-central1/builds/bc7c6d65-3028-4471-b7c4-4dca67cce00f"}}
[debug] [2024-03-23T22:53:43.888Z] [update-default-us-central1-updateGameResults] Retrying task index 0
[debug] [2024-03-23T22:53:43.890Z] >>> [apiv2][query] GET https://cloudfunctions.googleapis.com/v1/operations/YmV0YmV0Ym9uYW56YS91cy1jZW50cmFsMS91cGRhdGVHYW1lUmVzdWx0cy92THVQbllwTXJ6WQ [none]
[debug] [2024-03-23T22:53:44.185Z] <<< [apiv2][status] GET https://cloudfunctions.googleapis.com/v1/operations/YmV0YmV0Ym9uYW56YS91cy1jZW50cmFsMS91cGRhdGVHYW1lUmVzdWx0cy92THVQbllwTXJ6WQ 200
[debug] [2024-03-23T22:53:44.185Z] <<< [apiv2][body] GET https://cloudfunctions.googleapis.com/v1/operations/YmV0YmV0Ym9uYW56YS91cy1jZW50cmFsMS91cGRhdGVHYW1lUmVzdWx0cy92THVQbllwTXJ6WQ {"name":"operations/YmV0YmV0Ym9uYW56YS91cy1jZW50cmFsMS91cGRhdGVHYW1lUmVzdWx0cy92THVQbllwTXJ6WQ","metadata":{"@type":"type.googleapis.com/google.cloud.functions.v1.OperationMetadataV1","target":"projects/betbetbonanza/locations/us-central1/functions/updateGameResults","type":"UPDATE_FUNCTION","request":{"@type":"type.googleapis.com/google.cloud.functions.v1.CloudFunction","name":"projects/betbetbonanza/locations/us-central1/functions/updateGameResults","eventTrigger":{"eventType":"google.pubsub.topic.publish","resource":"projects/betbetbonanza/topics/firebase-schedule-updateGameResults-us-central1","service":"pubsub.googleapis.com","failurePolicy":{}},"status":"ACTIVE","entryPoint":"updateGameResults","updateTime":"2024-03-19T19:40:16.985Z","versionId":"1","labels":{"deployment-tool":"cli-firebase","deployment-scheduled":"true","firebase-functions-hash":"3c70c588cf28c06f1d61af0bfc17c5f20cfaa5bd"},"sourceUploadUrl":"https://storage.googleapis.com/uploads-508669796436.us-central1.cloudfunctions.appspot.com/e943dfec-ee1a-4a8d-a265-3fd55c554667.zip?GoogleAccessId=service-175118442458@gcf-admin-robot.iam.gserviceaccount.com&Expires=1711236215&Signature=UcIHW3xpWzpZ4drsmK4%2FJYI%2FY0wfPOjw06ka287QMyQ9VA0LKyP75WfySZLYNOQhVL5hMAR6HUzwd807Lp06I1lLvgFsrIcXEP%2FUmkYeil1RRKGwHng5cjfMKuzhuJohHFcjPwXocGf2pderK%2FwNZ5FqZg0hNa59y5FZiBWb%2F%2FsYKPcce7%2FTrP6szrlN2uSo7PTksNfKm8mQ%2FNDtJ%2FvoH9Kh1QDOf52G701GXSPfFbz7juGGTVeK93VXmX0iPD5NTEIfh7ut8dMl0Ch5xZTKDdzBSM8eNhObST1vvDgP1zF9aqjd%2B676DexiE4XqIQhXTSx2ftCggQtfRXPWFAnHTQ%3D%3D","environmentVariables":{"FIREBASE_CONFIG":"{\"projectId\":\"betbetbonanza\",\"databaseURL\":\"https://betbetbonanza-default-rtdb.firebaseio.com\",\"storageBucket\":\"betbetbonanza.appspot.com\",\"locationId\":\"us-central\"}","GCLOUD_PROJECT":"betbetbonanza","EVENTARC_CLOUD_EVENT_SOURCE":"projects/betbetbonanza/locations/us-central1/functions/updateGameResults"},"runtime":"nodejs18","buildId":"1f4e232f-e4da-446e-9fb5-19b04273a791","buildEnvironmentVariables":{"GOOGLE_NODE_RUN_SCRIPTS":""},"buildName":"projects/175118442458/locations/us-central1/builds/1f4e232f-e4da-446e-9fb5-19b04273a791","dockerRegistry":"ARTIFACT_REGISTRY","automaticUpdatePolicy":{}},"versionId":"2","updateTime":"2024-03-23T22:53:36Z","buildId":"bc7c6d65-3028-4471-b7c4-4dca67cce00f","buildName":"projects/175118442458/locations/us-central1/builds/bc7c6d65-3028-4471-b7c4-4dca67cce00f"}}
[debug] [2024-03-23T22:53:46.201Z] [update-default-us-central1-updateGameResults] Retrying task index 0
[debug] [2024-03-23T22:53:46.202Z] >>> [apiv2][query] GET https://cloudfunctions.googleapis.com/v1/operations/YmV0YmV0Ym9uYW56YS91cy1jZW50cmFsMS91cGRhdGVHYW1lUmVzdWx0cy92THVQbllwTXJ6WQ [none]
[debug] [2024-03-23T22:53:46.591Z] <<< [apiv2][status] GET https://cloudfunctions.googleapis.com/v1/operations/YmV0YmV0Ym9uYW56YS91cy1jZW50cmFsMS91cGRhdGVHYW1lUmVzdWx0cy92THVQbllwTXJ6WQ 200
[debug] [2024-03-23T22:53:46.591Z] <<< [apiv2][body] GET https://cloudfunctions.googleapis.com/v1/operations/YmV0YmV0Ym9uYW56YS91cy1jZW50cmFsMS91cGRhdGVHYW1lUmVzdWx0cy92THVQbllwTXJ6WQ {"name":"operations/YmV0YmV0Ym9uYW56YS91cy1jZW50cmFsMS91cGRhdGVHYW1lUmVzdWx0cy92THVQbllwTXJ6WQ","metadata":{"@type":"type.googleapis.com/google.cloud.functions.v1.OperationMetadataV1","target":"projects/betbetbonanza/locations/us-central1/functions/updateGameResults","type":"UPDATE_FUNCTION","request":{"@type":"type.googleapis.com/google.cloud.functions.v1.CloudFunction","name":"projects/betbetbonanza/locations/us-central1/functions/updateGameResults","eventTrigger":{"eventType":"google.pubsub.topic.publish","resource":"projects/betbetbonanza/topics/firebase-schedule-updateGameResults-us-central1","service":"pubsub.googleapis.com","failurePolicy":{}},"status":"ACTIVE","entryPoint":"updateGameResults","updateTime":"2024-03-19T19:40:16.985Z","versionId":"1","labels":{"deployment-tool":"cli-firebase","deployment-scheduled":"true","firebase-functions-hash":"3c70c588cf28c06f1d61af0bfc17c5f20cfaa5bd"},"sourceUploadUrl":"https://storage.googleapis.com/uploads-508669796436.us-central1.cloudfunctions.appspot.com/e943dfec-ee1a-4a8d-a265-3fd55c554667.zip?GoogleAccessId=service-175118442458@gcf-admin-robot.iam.gserviceaccount.com&Expires=1711236215&Signature=UcIHW3xpWzpZ4drsmK4%2FJYI%2FY0wfPOjw06ka287QMyQ9VA0LKyP75WfySZLYNOQhVL5hMAR6HUzwd807Lp06I1lLvgFsrIcXEP%2FUmkYeil1RRKGwHng5cjfMKuzhuJohHFcjPwXocGf2pderK%2FwNZ5FqZg0hNa59y5FZiBWb%2F%2FsYKPcce7%2FTrP6szrlN2uSo7PTksNfKm8mQ%2FNDtJ%2FvoH9Kh1QDOf52G701GXSPfFbz7juGGTVeK93VXmX0iPD5NTEIfh7ut8dMl0Ch5xZTKDdzBSM8eNhObST1vvDgP1zF9aqjd%2B676DexiE4XqIQhXTSx2ftCggQtfRXPWFAnHTQ%3D%3D","environmentVariables":{"FIREBASE_CONFIG":"{\"projectId\":\"betbetbonanza\",\"databaseURL\":\"https://betbetbonanza-default-rtdb.firebaseio.com\",\"storageBucket\":\"betbetbonanza.appspot.com\",\"locationId\":\"us-central\"}","GCLOUD_PROJECT":"betbetbonanza","EVENTARC_CLOUD_EVENT_SOURCE":"projects/betbetbonanza/locations/us-central1/functions/updateGameResults"},"runtime":"nodejs18","buildId":"1f4e232f-e4da-446e-9fb5-19b04273a791","buildEnvironmentVariables":{"GOOGLE_NODE_RUN_SCRIPTS":""},"buildName":"projects/175118442458/locations/us-central1/builds/1f4e232f-e4da-446e-9fb5-19b04273a791","dockerRegistry":"ARTIFACT_REGISTRY","automaticUpdatePolicy":{}},"versionId":"2","updateTime":"2024-03-23T22:53:36Z","buildId":"bc7c6d65-3028-4471-b7c4-4dca67cce00f","buildName":"projects/175118442458/locations/us-central1/builds/bc7c6d65-3028-4471-b7c4-4dca67cce00f"}}
[debug] [2024-03-23T22:53:50.598Z] [update-default-us-central1-updateGameResults] Retrying task index 0
[debug] [2024-03-23T22:53:50.598Z] >>> [apiv2][query] GET https://cloudfunctions.googleapis.com/v1/operations/YmV0YmV0Ym9uYW56YS91cy1jZW50cmFsMS91cGRhdGVHYW1lUmVzdWx0cy92THVQbllwTXJ6WQ [none]
[debug] [2024-03-23T22:53:50.866Z] <<< [apiv2][status] GET https://cloudfunctions.googleapis.com/v1/operations/YmV0YmV0Ym9uYW56YS91cy1jZW50cmFsMS91cGRhdGVHYW1lUmVzdWx0cy92THVQbllwTXJ6WQ 200
[debug] [2024-03-23T22:53:50.866Z] <<< [apiv2][body] GET https://cloudfunctions.googleapis.com/v1/operations/YmV0YmV0Ym9uYW56YS91cy1jZW50cmFsMS91cGRhdGVHYW1lUmVzdWx0cy92THVQbllwTXJ6WQ {"name":"operations/YmV0YmV0Ym9uYW56YS91cy1jZW50cmFsMS91cGRhdGVHYW1lUmVzdWx0cy92THVQbllwTXJ6WQ","metadata":{"@type":"type.googleapis.com/google.cloud.functions.v1.OperationMetadataV1","target":"projects/betbetbonanza/locations/us-central1/functions/updateGameResults","type":"UPDATE_FUNCTION","request":{"@type":"type.googleapis.com/google.cloud.functions.v1.CloudFunction","name":"projects/betbetbonanza/locations/us-central1/functions/updateGameResults","eventTrigger":{"eventType":"google.pubsub.topic.publish","resource":"projects/betbetbonanza/topics/firebase-schedule-updateGameResults-us-central1","service":"pubsub.googleapis.com","failurePolicy":{}},"status":"ACTIVE","entryPoint":"updateGameResults","updateTime":"2024-03-19T19:40:16.985Z","versionId":"1","labels":{"deployment-tool":"cli-firebase","deployment-scheduled":"true","firebase-functions-hash":"3c70c588cf28c06f1d61af0bfc17c5f20cfaa5bd"},"sourceUploadUrl":"https://storage.googleapis.com/uploads-508669796436.us-central1.cloudfunctions.appspot.com/e943dfec-ee1a-4a8d-a265-3fd55c554667.zip?GoogleAccessId=service-175118442458@gcf-admin-robot.iam.gserviceaccount.com&Expires=1711236215&Signature=UcIHW3xpWzpZ4drsmK4%2FJYI%2FY0wfPOjw06ka287QMyQ9VA0LKyP75WfySZLYNOQhVL5hMAR6HUzwd807Lp06I1lLvgFsrIcXEP%2FUmkYeil1RRKGwHng5cjfMKuzhuJohHFcjPwXocGf2pderK%2FwNZ5FqZg0hNa59y5FZiBWb%2F%2FsYKPcce7%2FTrP6szrlN2uSo7PTksNfKm8mQ%2FNDtJ%2FvoH9Kh1QDOf52G701GXSPfFbz7juGGTVeK93VXmX0iPD5NTEIfh7ut8dMl0Ch5xZTKDdzBSM8eNhObST1vvDgP1zF9aqjd%2B676DexiE4XqIQhXTSx2ftCggQtfRXPWFAnHTQ%3D%3D","environmentVariables":{"FIREBASE_CONFIG":"{\"projectId\":\"betbetbonanza\",\"databaseURL\":\"https://betbetbonanza-default-rtdb.firebaseio.com\",\"storageBucket\":\"betbetbonanza.appspot.com\",\"locationId\":\"us-central\"}","GCLOUD_PROJECT":"betbetbonanza","EVENTARC_CLOUD_EVENT_SOURCE":"projects/betbetbonanza/locations/us-central1/functions/updateGameResults"},"runtime":"nodejs18","buildId":"1f4e232f-e4da-446e-9fb5-19b04273a791","buildEnvironmentVariables":{"GOOGLE_NODE_RUN_SCRIPTS":""},"buildName":"projects/175118442458/locations/us-central1/builds/1f4e232f-e4da-446e-9fb5-19b04273a791","dockerRegistry":"ARTIFACT_REGISTRY","automaticUpdatePolicy":{}},"versionId":"2","updateTime":"2024-03-23T22:53:36Z","buildId":"bc7c6d65-3028-4471-b7c4-4dca67cce00f","buildName":"projects/175118442458/locations/us-central1/builds/bc7c6d65-3028-4471-b7c4-4dca67cce00f"}}
[debug] [2024-03-23T22:53:58.879Z] [update-default-us-central1-updateGameResults] Retrying task index 0
[debug] [2024-03-23T22:53:58.880Z] >>> [apiv2][query] GET https://cloudfunctions.googleapis.com/v1/operations/YmV0YmV0Ym9uYW56YS91cy1jZW50cmFsMS91cGRhdGVHYW1lUmVzdWx0cy92THVQbllwTXJ6WQ [none]
[debug] [2024-03-23T22:53:59.157Z] <<< [apiv2][status] GET https://cloudfunctions.googleapis.com/v1/operations/YmV0YmV0Ym9uYW56YS91cy1jZW50cmFsMS91cGRhdGVHYW1lUmVzdWx0cy92THVQbllwTXJ6WQ 200
[debug] [2024-03-23T22:53:59.158Z] <<< [apiv2][body] GET https://cloudfunctions.googleapis.com/v1/operations/YmV0YmV0Ym9uYW56YS91cy1jZW50cmFsMS91cGRhdGVHYW1lUmVzdWx0cy92THVQbllwTXJ6WQ {"name":"operations/YmV0YmV0Ym9uYW56YS91cy1jZW50cmFsMS91cGRhdGVHYW1lUmVzdWx0cy92THVQbllwTXJ6WQ","metadata":{"@type":"type.googleapis.com/google.cloud.functions.v1.OperationMetadataV1","target":"projects/betbetbonanza/locations/us-central1/functions/updateGameResults","type":"UPDATE_FUNCTION","request":{"@type":"type.googleapis.com/google.cloud.functions.v1.CloudFunction","name":"projects/betbetbonanza/locations/us-central1/functions/updateGameResults","eventTrigger":{"eventType":"google.pubsub.topic.publish","resource":"projects/betbetbonanza/topics/firebase-schedule-updateGameResults-us-central1","service":"pubsub.googleapis.com","failurePolicy":{}},"status":"ACTIVE","entryPoint":"updateGameResults","updateTime":"2024-03-19T19:40:16.985Z","versionId":"1","labels":{"deployment-tool":"cli-firebase","deployment-scheduled":"true","firebase-functions-hash":"3c70c588cf28c06f1d61af0bfc17c5f20cfaa5bd"},"sourceUploadUrl":"https://storage.googleapis.com/uploads-508669796436.us-central1.cloudfunctions.appspot.com/e943dfec-ee1a-4a8d-a265-3fd55c554667.zip?GoogleAccessId=service-175118442458@gcf-admin-robot.iam.gserviceaccount.com&Expires=1711236215&Signature=UcIHW3xpWzpZ4drsmK4%2FJYI%2FY0wfPOjw06ka287QMyQ9VA0LKyP75WfySZLYNOQhVL5hMAR6HUzwd807Lp06I1lLvgFsrIcXEP%2FUmkYeil1RRKGwHng5cjfMKuzhuJohHFcjPwXocGf2pderK%2FwNZ5FqZg0hNa59y5FZiBWb%2F%2FsYKPcce7%2FTrP6szrlN2uSo7PTksNfKm8mQ%2FNDtJ%2FvoH9Kh1QDOf52G701GXSPfFbz7juGGTVeK93VXmX0iPD5NTEIfh7ut8dMl0Ch5xZTKDdzBSM8eNhObST1vvDgP1zF9aqjd%2B676DexiE4XqIQhXTSx2ftCggQtfRXPWFAnHTQ%3D%3D","environmentVariables":{"FIREBASE_CONFIG":"{\"projectId\":\"betbetbonanza\",\"databaseURL\":\"https://betbetbonanza-default-rtdb.firebaseio.com\",\"storageBucket\":\"betbetbonanza.appspot.com\",\"locationId\":\"us-central\"}","GCLOUD_PROJECT":"betbetbonanza","EVENTARC_CLOUD_EVENT_SOURCE":"projects/betbetbonanza/locations/us-central1/functions/updateGameResults"},"runtime":"nodejs18","buildId":"1f4e232f-e4da-446e-9fb5-19b04273a791","buildEnvironmentVariables":{"GOOGLE_NODE_RUN_SCRIPTS":""},"buildName":"projects/175118442458/locations/us-central1/builds/1f4e232f-e4da-446e-9fb5-19b04273a791","dockerRegistry":"ARTIFACT_REGISTRY","automaticUpdatePolicy":{}},"versionId":"2","updateTime":"2024-03-23T22:53:36Z","buildId":"bc7c6d65-3028-4471-b7c4-4dca67cce00f","buildName":"projects/175118442458/locations/us-central1/builds/bc7c6d65-3028-4471-b7c4-4dca67cce00f"}}
[debug] [2024-03-23T22:54:09.167Z] [update-default-us-central1-updateGameResults] Retrying task index 0
[debug] [2024-03-23T22:54:09.168Z] >>> [apiv2][query] GET https://cloudfunctions.googleapis.com/v1/operations/YmV0YmV0Ym9uYW56YS91cy1jZW50cmFsMS91cGRhdGVHYW1lUmVzdWx0cy92THVQbllwTXJ6WQ [none]
[debug] [2024-03-23T22:54:09.427Z] <<< [apiv2][status] GET https://cloudfunctions.googleapis.com/v1/operations/YmV0YmV0Ym9uYW56YS91cy1jZW50cmFsMS91cGRhdGVHYW1lUmVzdWx0cy92THVQbllwTXJ6WQ 200
[debug] [2024-03-23T22:54:09.427Z] <<< [apiv2][body] GET https://cloudfunctions.googleapis.com/v1/operations/YmV0YmV0Ym9uYW56YS91cy1jZW50cmFsMS91cGRhdGVHYW1lUmVzdWx0cy92THVQbllwTXJ6WQ {"name":"operations/YmV0YmV0Ym9uYW56YS91cy1jZW50cmFsMS91cGRhdGVHYW1lUmVzdWx0cy92THVQbllwTXJ6WQ","metadata":{"@type":"type.googleapis.com/google.cloud.functions.v1.OperationMetadataV1","target":"projects/betbetbonanza/locations/us-central1/functions/updateGameResults","type":"UPDATE_FUNCTION","request":{"@type":"type.googleapis.com/google.cloud.functions.v1.CloudFunction","name":"projects/betbetbonanza/locations/us-central1/functions/updateGameResults","eventTrigger":{"eventType":"google.pubsub.topic.publish","resource":"projects/betbetbonanza/topics/firebase-schedule-updateGameResults-us-central1","service":"pubsub.googleapis.com","failurePolicy":{}},"status":"ACTIVE","entryPoint":"updateGameResults","updateTime":"2024-03-19T19:40:16.985Z","versionId":"1","labels":{"deployment-tool":"cli-firebase","deployment-scheduled":"true","firebase-functions-hash":"3c70c588cf28c06f1d61af0bfc17c5f20cfaa5bd"},"sourceUploadUrl":"https://storage.googleapis.com/uploads-508669796436.us-central1.cloudfunctions.appspot.com/e943dfec-ee1a-4a8d-a265-3fd55c554667.zip?GoogleAccessId=service-175118442458@gcf-admin-robot.iam.gserviceaccount.com&Expires=1711236215&Signature=UcIHW3xpWzpZ4drsmK4%2FJYI%2FY0wfPOjw06ka287QMyQ9VA0LKyP75WfySZLYNOQhVL5hMAR6HUzwd807Lp06I1lLvgFsrIcXEP%2FUmkYeil1RRKGwHng5cjfMKuzhuJohHFcjPwXocGf2pderK%2FwNZ5FqZg0hNa59y5FZiBWb%2F%2FsYKPcce7%2FTrP6szrlN2uSo7PTksNfKm8mQ%2FNDtJ%2FvoH9Kh1QDOf52G701GXSPfFbz7juGGTVeK93VXmX0iPD5NTEIfh7ut8dMl0Ch5xZTKDdzBSM8eNhObST1vvDgP1zF9aqjd%2B676DexiE4XqIQhXTSx2ftCggQtfRXPWFAnHTQ%3D%3D","environmentVariables":{"FIREBASE_CONFIG":"{\"projectId\":\"betbetbonanza\",\"databaseURL\":\"https://betbetbonanza-default-rtdb.firebaseio.com\",\"storageBucket\":\"betbetbonanza.appspot.com\",\"locationId\":\"us-central\"}","GCLOUD_PROJECT":"betbetbonanza","EVENTARC_CLOUD_EVENT_SOURCE":"projects/betbetbonanza/locations/us-central1/functions/updateGameResults"},"runtime":"nodejs18","buildId":"1f4e232f-e4da-446e-9fb5-19b04273a791","buildEnvironmentVariables":{"GOOGLE_NODE_RUN_SCRIPTS":""},"buildName":"projects/175118442458/locations/us-central1/builds/1f4e232f-e4da-446e-9fb5-19b04273a791","dockerRegistry":"ARTIFACT_REGISTRY","automaticUpdatePolicy":{}},"versionId":"2","updateTime":"2024-03-23T22:53:36Z","buildId":"bc7c6d65-3028-4471-b7c4-4dca67cce00f","buildName":"projects/175118442458/locations/us-central1/builds/bc7c6d65-3028-4471-b7c4-4dca67cce00f"}}
[debug] [2024-03-23T22:54:19.438Z] [update-default-us-central1-updateGameResults] Retrying task index 0
[debug] [2024-03-23T22:54:19.439Z] >>> [apiv2][query] GET https://cloudfunctions.googleapis.com/v1/operations/YmV0YmV0Ym9uYW56YS91cy1jZW50cmFsMS91cGRhdGVHYW1lUmVzdWx0cy92THVQbllwTXJ6WQ [none]
[debug] [2024-03-23T22:54:19.688Z] <<< [apiv2][status] GET https://cloudfunctions.googleapis.com/v1/operations/YmV0YmV0Ym9uYW56YS91cy1jZW50cmFsMS91cGRhdGVHYW1lUmVzdWx0cy92THVQbllwTXJ6WQ 200
[debug] [2024-03-23T22:54:19.688Z] <<< [apiv2][body] GET https://cloudfunctions.googleapis.com/v1/operations/YmV0YmV0Ym9uYW56YS91cy1jZW50cmFsMS91cGRhdGVHYW1lUmVzdWx0cy92THVQbllwTXJ6WQ {"name":"operations/YmV0YmV0Ym9uYW56YS91cy1jZW50cmFsMS91cGRhdGVHYW1lUmVzdWx0cy92THVQbllwTXJ6WQ","metadata":{"@type":"type.googleapis.com/google.cloud.functions.v1.OperationMetadataV1","target":"projects/betbetbonanza/locations/us-central1/functions/updateGameResults","type":"UPDATE_FUNCTION","request":{"@type":"type.googleapis.com/google.cloud.functions.v1.CloudFunction","name":"projects/betbetbonanza/locations/us-central1/functions/updateGameResults","eventTrigger":{"eventType":"google.pubsub.topic.publish","resource":"projects/betbetbonanza/topics/firebase-schedule-updateGameResults-us-central1","service":"pubsub.googleapis.com","failurePolicy":{}},"status":"ACTIVE","entryPoint":"updateGameResults","updateTime":"2024-03-19T19:40:16.985Z","versionId":"1","labels":{"deployment-tool":"cli-firebase","deployment-scheduled":"true","firebase-functions-hash":"3c70c588cf28c06f1d61af0bfc17c5f20cfaa5bd"},"sourceUploadUrl":"https://storage.googleapis.com/uploads-508669796436.us-central1.cloudfunctions.appspot.com/e943dfec-ee1a-4a8d-a265-3fd55c554667.zip?GoogleAccessId=service-175118442458@gcf-admin-robot.iam.gserviceaccount.com&Expires=1711236215&Signature=UcIHW3xpWzpZ4drsmK4%2FJYI%2FY0wfPOjw06ka287QMyQ9VA0LKyP75WfySZLYNOQhVL5hMAR6HUzwd807Lp06I1lLvgFsrIcXEP%2FUmkYeil1RRKGwHng5cjfMKuzhuJohHFcjPwXocGf2pderK%2FwNZ5FqZg0hNa59y5FZiBWb%2F%2FsYKPcce7%2FTrP6szrlN2uSo7PTksNfKm8mQ%2FNDtJ%2FvoH9Kh1QDOf52G701GXSPfFbz7juGGTVeK93VXmX0iPD5NTEIfh7ut8dMl0Ch5xZTKDdzBSM8eNhObST1vvDgP1zF9aqjd%2B676DexiE4XqIQhXTSx2ftCggQtfRXPWFAnHTQ%3D%3D","environmentVariables":{"FIREBASE_CONFIG":"{\"projectId\":\"betbetbonanza\",\"databaseURL\":\"https://betbetbonanza-default-rtdb.firebaseio.com\",\"storageBucket\":\"betbetbonanza.appspot.com\",\"locationId\":\"us-central\"}","GCLOUD_PROJECT":"betbetbonanza","EVENTARC_CLOUD_EVENT_SOURCE":"projects/betbetbonanza/locations/us-central1/functions/updateGameResults"},"runtime":"nodejs18","buildId":"1f4e232f-e4da-446e-9fb5-19b04273a791","buildEnvironmentVariables":{"GOOGLE_NODE_RUN_SCRIPTS":""},"buildName":"projects/175118442458/locations/us-central1/builds/1f4e232f-e4da-446e-9fb5-19b04273a791","dockerRegistry":"ARTIFACT_REGISTRY","automaticUpdatePolicy":{}},"versionId":"2","updateTime":"2024-03-23T22:53:36Z","buildId":"bc7c6d65-3028-4471-b7c4-4dca67cce00f","sourceToken":"711c421a-87f6-4092-864e-9109fd2036a9","buildName":"projects/175118442458/locations/us-central1/builds/bc7c6d65-3028-4471-b7c4-4dca67cce00f"}}
[debug] [2024-03-23T22:54:19.688Z] Got source token 711c421a-87f6-4092-864e-9109fd2036a9 for region us-central1
[debug] [2024-03-23T22:54:29.702Z] [update-default-us-central1-updateGameResults] Retrying task index 0
[debug] [2024-03-23T22:54:29.703Z] >>> [apiv2][query] GET https://cloudfunctions.googleapis.com/v1/operations/YmV0YmV0Ym9uYW56YS91cy1jZW50cmFsMS91cGRhdGVHYW1lUmVzdWx0cy92THVQbllwTXJ6WQ [none]
[debug] [2024-03-23T22:54:29.999Z] <<< [apiv2][status] GET https://cloudfunctions.googleapis.com/v1/operations/YmV0YmV0Ym9uYW56YS91cy1jZW50cmFsMS91cGRhdGVHYW1lUmVzdWx0cy92THVQbllwTXJ6WQ 200
[debug] [2024-03-23T22:54:29.999Z] <<< [apiv2][body] GET https://cloudfunctions.googleapis.com/v1/operations/YmV0YmV0Ym9uYW56YS91cy1jZW50cmFsMS91cGRhdGVHYW1lUmVzdWx0cy92THVQbllwTXJ6WQ {"name":"operations/YmV0YmV0Ym9uYW56YS91cy1jZW50cmFsMS91cGRhdGVHYW1lUmVzdWx0cy92THVQbllwTXJ6WQ","metadata":{"@type":"type.googleapis.com/google.cloud.functions.v1.OperationMetadataV1","target":"projects/betbetbonanza/locations/us-central1/functions/updateGameResults","type":"UPDATE_FUNCTION","request":{"@type":"type.googleapis.com/google.cloud.functions.v1.CloudFunction","name":"projects/betbetbonanza/locations/us-central1/functions/updateGameResults","eventTrigger":{"eventType":"google.pubsub.topic.publish","resource":"projects/betbetbonanza/topics/firebase-schedule-updateGameResults-us-central1","service":"pubsub.googleapis.com","failurePolicy":{}},"status":"ACTIVE","entryPoint":"updateGameResults","updateTime":"2024-03-19T19:40:16.985Z","versionId":"1","labels":{"deployment-tool":"cli-firebase","deployment-scheduled":"true","firebase-functions-hash":"3c70c588cf28c06f1d61af0bfc17c5f20cfaa5bd"},"sourceUploadUrl":"https://storage.googleapis.com/uploads-508669796436.us-central1.cloudfunctions.appspot.com/e943dfec-ee1a-4a8d-a265-3fd55c554667.zip?GoogleAccessId=service-175118442458@gcf-admin-robot.iam.gserviceaccount.com&Expires=1711236215&Signature=UcIHW3xpWzpZ4drsmK4%2FJYI%2FY0wfPOjw06ka287QMyQ9VA0LKyP75WfySZLYNOQhVL5hMAR6HUzwd807Lp06I1lLvgFsrIcXEP%2FUmkYeil1RRKGwHng5cjfMKuzhuJohHFcjPwXocGf2pderK%2FwNZ5FqZg0hNa59y5FZiBWb%2F%2FsYKPcce7%2FTrP6szrlN2uSo7PTksNfKm8mQ%2FNDtJ%2FvoH9Kh1QDOf52G701GXSPfFbz7juGGTVeK93VXmX0iPD5NTEIfh7ut8dMl0Ch5xZTKDdzBSM8eNhObST1vvDgP1zF9aqjd%2B676DexiE4XqIQhXTSx2ftCggQtfRXPWFAnHTQ%3D%3D","environmentVariables":{"FIREBASE_CONFIG":"{\"projectId\":\"betbetbonanza\",\"databaseURL\":\"https://betbetbonanza-default-rtdb.firebaseio.com\",\"storageBucket\":\"betbetbonanza.appspot.com\",\"locationId\":\"us-central\"}","GCLOUD_PROJECT":"betbetbonanza","EVENTARC_CLOUD_EVENT_SOURCE":"projects/betbetbonanza/locations/us-central1/functions/updateGameResults"},"runtime":"nodejs18","buildId":"1f4e232f-e4da-446e-9fb5-19b04273a791","buildEnvironmentVariables":{"GOOGLE_NODE_RUN_SCRIPTS":""},"buildName":"projects/175118442458/locations/us-central1/builds/1f4e232f-e4da-446e-9fb5-19b04273a791","dockerRegistry":"ARTIFACT_REGISTRY","automaticUpdatePolicy":{}},"versionId":"2","updateTime":"2024-03-23T22:53:36Z","buildId":"bc7c6d65-3028-4471-b7c4-4dca67cce00f","sourceToken":"711c421a-87f6-4092-864e-9109fd2036a9","buildName":"projects/175118442458/locations/us-central1/builds/bc7c6d65-3028-4471-b7c4-4dca67cce00f"}}
[debug] [2024-03-23T22:54:29.999Z] Got source token 711c421a-87f6-4092-864e-9109fd2036a9 for region us-central1
