[debug] [2024-02-28T21:21:19.190Z] ----------------------------------------------------------------------
[debug] [2024-02-28T21:21:19.193Z] Command:       C:\Program Files\nodejs\node.exe C:\Users\edvin\AppData\Roaming\npm\node_modules\firebase-tools\lib\bin\firebase.js deploy --only functions
[debug] [2024-02-28T21:21:19.194Z] CLI Version:   13.4.0
[debug] [2024-02-28T21:21:19.194Z] Platform:      win32
[debug] [2024-02-28T21:21:19.194Z] Node Version:  v18.18.2
[debug] [2024-02-28T21:21:19.196Z] Time:          Wed Feb 28 2024 14:21:19 GMT-0700 (Mountain Standard Time)
[debug] [2024-02-28T21:21:19.196Z] ----------------------------------------------------------------------
[debug] 
[debug] [2024-02-28T21:21:19.306Z] > command requires scopes: ["email","openid","https://www.googleapis.com/auth/cloudplatformprojects.readonly","https://www.googleapis.com/auth/firebase","https://www.googleapis.com/auth/cloud-platform"]
[debug] [2024-02-28T21:21:19.308Z] > authorizing via signed-in user (matchfirefighter@gmail.com)
[debug] [2024-02-28T21:21:19.309Z] [iam] checking project betbetbonanza for permissions ["cloudfunctions.functions.create","cloudfunctions.functions.delete","cloudfunctions.functions.get","cloudfunctions.functions.list","cloudfunctions.functions.update","cloudfunctions.operations.get","firebase.projects.get"]
[debug] [2024-02-28T21:21:19.313Z] >>> [apiv2][query] POST https://cloudresourcemanager.googleapis.com/v1/projects/betbetbonanza:testIamPermissions [none]
[debug] [2024-02-28T21:21:19.314Z] >>> [apiv2][(partial)header] POST https://cloudresourcemanager.googleapis.com/v1/projects/betbetbonanza:testIamPermissions x-goog-quota-user=projects/betbetbonanza
[debug] [2024-02-28T21:21:19.314Z] >>> [apiv2][body] POST https://cloudresourcemanager.googleapis.com/v1/projects/betbetbonanza:testIamPermissions {"permissions":["cloudfunctions.functions.create","cloudfunctions.functions.delete","cloudfunctions.functions.get","cloudfunctions.functions.list","cloudfunctions.functions.update","cloudfunctions.operations.get","firebase.projects.get"]}
[debug] [2024-02-28T21:21:19.570Z] <<< [apiv2][status] POST https://cloudresourcemanager.googleapis.com/v1/projects/betbetbonanza:testIamPermissions 200
[debug] [2024-02-28T21:21:19.571Z] <<< [apiv2][body] POST https://cloudresourcemanager.googleapis.com/v1/projects/betbetbonanza:testIamPermissions {"permissions":["cloudfunctions.functions.create","cloudfunctions.functions.delete","cloudfunctions.functions.get","cloudfunctions.functions.list","cloudfunctions.functions.update","cloudfunctions.operations.get","firebase.projects.get"]}
[debug] [2024-02-28T21:21:19.573Z] >>> [apiv2][query] POST https://iam.googleapis.com/v1/projects/betbetbonanza/serviceAccounts/betbetbonanza@appspot.gserviceaccount.com:testIamPermissions [none]
[debug] [2024-02-28T21:21:19.573Z] >>> [apiv2][body] POST https://iam.googleapis.com/v1/projects/betbetbonanza/serviceAccounts/betbetbonanza@appspot.gserviceaccount.com:testIamPermissions {"permissions":["iam.serviceAccounts.actAs"]}
[debug] [2024-02-28T21:21:19.813Z] <<< [apiv2][status] POST https://iam.googleapis.com/v1/projects/betbetbonanza/serviceAccounts/betbetbonanza@appspot.gserviceaccount.com:testIamPermissions 200
[debug] [2024-02-28T21:21:19.813Z] <<< [apiv2][body] POST https://iam.googleapis.com/v1/projects/betbetbonanza/serviceAccounts/betbetbonanza@appspot.gserviceaccount.com:testIamPermissions {"permissions":["iam.serviceAccounts.actAs"]}
[info] 
[info] === Deploying to 'betbetbonanza'...
[info] 
[info] i  deploying functions 
[debug] [2024-02-28T21:21:19.819Z] >>> [apiv2][query] GET https://firebase.googleapis.com/v1beta1/projects/betbetbonanza [none]
[debug] [2024-02-28T21:21:19.991Z] <<< [apiv2][status] GET https://firebase.googleapis.com/v1beta1/projects/betbetbonanza 200
[debug] [2024-02-28T21:21:19.992Z] <<< [apiv2][body] GET https://firebase.googleapis.com/v1beta1/projects/betbetbonanza {"projectId":"betbetbonanza","projectNumber":"175118442458","displayName":"BetBetBonanza","name":"projects/betbetbonanza","resources":{"hostingSite":"betbetbonanza","realtimeDatabaseInstance":"betbetbonanza-default-rtdb","storageBucket":"betbetbonanza.appspot.com","locationId":"us-central"},"state":"ACTIVE","etag":"1_d06aa2c5-095f-4287-a5bf-e230c03e1723"}
[info] i  functions: preparing codebase default for deployment 
[info] i  functions: ensuring required API cloudfunctions.googleapis.com is enabled... 
[info] i  functions: ensuring required API cloudbuild.googleapis.com is enabled... 
[info] i  artifactregistry: ensuring required API artifactregistry.googleapis.com is enabled... 
[debug] [2024-02-28T21:21:20.003Z] >>> [apiv2][query] GET https://serviceusage.googleapis.com/v1/projects/betbetbonanza/services/cloudfunctions.googleapis.com [none]
[debug] [2024-02-28T21:21:20.003Z] >>> [apiv2][(partial)header] GET https://serviceusage.googleapis.com/v1/projects/betbetbonanza/services/cloudfunctions.googleapis.com x-goog-quota-user=projects/betbetbonanza
[debug] [2024-02-28T21:21:20.007Z] >>> [apiv2][query] GET https://serviceusage.googleapis.com/v1/projects/betbetbonanza/services/runtimeconfig.googleapis.com [none]
[debug] [2024-02-28T21:21:20.007Z] >>> [apiv2][(partial)header] GET https://serviceusage.googleapis.com/v1/projects/betbetbonanza/services/runtimeconfig.googleapis.com x-goog-quota-user=projects/betbetbonanza
[debug] [2024-02-28T21:21:20.012Z] >>> [apiv2][query] GET https://serviceusage.googleapis.com/v1/projects/betbetbonanza/services/cloudbuild.googleapis.com [none]
[debug] [2024-02-28T21:21:20.012Z] >>> [apiv2][(partial)header] GET https://serviceusage.googleapis.com/v1/projects/betbetbonanza/services/cloudbuild.googleapis.com x-goog-quota-user=projects/betbetbonanza
[debug] [2024-02-28T21:21:20.016Z] >>> [apiv2][query] GET https://serviceusage.googleapis.com/v1/projects/betbetbonanza/services/artifactregistry.googleapis.com [none]
[debug] [2024-02-28T21:21:20.017Z] >>> [apiv2][(partial)header] GET https://serviceusage.googleapis.com/v1/projects/betbetbonanza/services/artifactregistry.googleapis.com x-goog-quota-user=projects/betbetbonanza
[debug] [2024-02-28T21:21:20.564Z] <<< [apiv2][status] GET https://serviceusage.googleapis.com/v1/projects/betbetbonanza/services/cloudbuild.googleapis.com 200
[debug] [2024-02-28T21:21:20.564Z] <<< [apiv2][body] GET https://serviceusage.googleapis.com/v1/projects/betbetbonanza/services/cloudbuild.googleapis.com [omitted]
[info] +  functions: required API cloudbuild.googleapis.com is enabled 
[debug] [2024-02-28T21:21:20.567Z] <<< [apiv2][status] GET https://serviceusage.googleapis.com/v1/projects/betbetbonanza/services/cloudfunctions.googleapis.com 200
[debug] [2024-02-28T21:21:20.567Z] <<< [apiv2][body] GET https://serviceusage.googleapis.com/v1/projects/betbetbonanza/services/cloudfunctions.googleapis.com [omitted]
[info] +  functions: required API cloudfunctions.googleapis.com is enabled 
[debug] [2024-02-28T21:21:20.570Z] <<< [apiv2][status] GET https://serviceusage.googleapis.com/v1/projects/betbetbonanza/services/runtimeconfig.googleapis.com 200
[debug] [2024-02-28T21:21:20.570Z] <<< [apiv2][body] GET https://serviceusage.googleapis.com/v1/projects/betbetbonanza/services/runtimeconfig.googleapis.com [omitted]
[debug] [2024-02-28T21:21:20.598Z] <<< [apiv2][status] GET https://serviceusage.googleapis.com/v1/projects/betbetbonanza/services/artifactregistry.googleapis.com 200
[debug] [2024-02-28T21:21:20.598Z] <<< [apiv2][body] GET https://serviceusage.googleapis.com/v1/projects/betbetbonanza/services/artifactregistry.googleapis.com [omitted]
[info] +  artifactregistry: required API artifactregistry.googleapis.com is enabled 
[debug] [2024-02-28T21:21:20.600Z] >>> [apiv2][query] GET https://firebase.googleapis.com/v1beta1/projects/betbetbonanza/adminSdkConfig [none]
[debug] [2024-02-28T21:21:20.970Z] <<< [apiv2][status] GET https://firebase.googleapis.com/v1beta1/projects/betbetbonanza/adminSdkConfig 200
[debug] [2024-02-28T21:21:20.970Z] <<< [apiv2][body] GET https://firebase.googleapis.com/v1beta1/projects/betbetbonanza/adminSdkConfig {"projectId":"betbetbonanza","databaseURL":"https://betbetbonanza-default-rtdb.firebaseio.com","storageBucket":"betbetbonanza.appspot.com","locationId":"us-central"}
[debug] [2024-02-28T21:21:20.973Z] >>> [apiv2][query] GET https://runtimeconfig.googleapis.com/v1beta1/projects/betbetbonanza/configs [none]
[debug] [2024-02-28T21:21:21.893Z] <<< [apiv2][status] GET https://runtimeconfig.googleapis.com/v1beta1/projects/betbetbonanza/configs 200
[debug] [2024-02-28T21:21:21.893Z] <<< [apiv2][body] GET https://runtimeconfig.googleapis.com/v1beta1/projects/betbetbonanza/configs {}
[debug] [2024-02-28T21:21:21.898Z] Validating nodejs source
[debug] [2024-02-28T21:21:24.619Z] > [functions] package.json contents: {
  "name": "functions",
  "description": "Cloud Functions for Firebase",
  "scripts": {
    "serve": "firebase emulators:start --only functions",
    "shell": "firebase functions:shell",
    "start": "npm run shell",
    "deploy": "firebase deploy --only functions",
    "logs": "firebase functions:log"
  },
  "engines": {
    "node": "18"
  },
  "main": "index.js",
  "dependencies": {
    "firebase-admin": "^11.8.0",
    "firebase-functions": "^4.3.1"
  },
  "devDependencies": {
    "firebase-functions-test": "^3.1.0"
  },
  "private": true
}
[debug] [2024-02-28T21:21:24.619Z] Building nodejs source
[info] i  functions: Loading and analyzing source code for codebase default to determine what to deploy 
[debug] [2024-02-28T21:21:24.621Z] Could not find functions.yaml. Must use http discovery
[debug] [2024-02-28T21:21:24.654Z] Found firebase-functions binary at 'C:\Users\edvin\Documents\Seng401\betbetbonanza\functions\node_modules\.bin\firebase-functions'
[info] Serving at port 8509

[debug] [2024-02-28T21:21:25.150Z] Got response from /__/functions.yaml {"endpoints":{"updateGameResults":{"availableMemoryMb":null,"timeoutSeconds":null,"minInstances":null,"maxInstances":null,"ingressSettings":null,"concurrency":null,"serviceAccountEmail":null,"vpc":null,"platform":"gcfv2","labels":{},"scheduleTrigger":{"schedule":"every 4 hours","retryConfig":{"retryCount":null,"maxDoublings":null,"maxRetrySeconds":null,"minBackoffSeconds":null,"maxBackoffSeconds":null},"timeZone":null},"entryPoint":"updateGameResults"}},"specVersion":"v1alpha1","requiredAPIs":[{"api":"cloudscheduler.googleapis.com","reason":"Needed for scheduled functions."}]}
[info] i  functions: preparing functions directory for uploading... 
[info] i  functions: packaged C:\Users\edvin\Documents\Seng401\betbetbonanza\functions (69.67 KB) for uploading 
[debug] [2024-02-28T21:21:25.348Z] >>> [apiv2][query] GET https://cloudfunctions.googleapis.com/v1/projects/betbetbonanza/locations/-/functions [none]
[debug] [2024-02-28T21:21:25.988Z] <<< [apiv2][status] GET https://cloudfunctions.googleapis.com/v1/projects/betbetbonanza/locations/-/functions 200
[debug] [2024-02-28T21:21:25.988Z] <<< [apiv2][body] GET https://cloudfunctions.googleapis.com/v1/projects/betbetbonanza/locations/-/functions {}
[debug] [2024-02-28T21:21:25.992Z] >>> [apiv2][query] GET https://cloudfunctions.googleapis.com/v2/projects/betbetbonanza/locations/-/functions filter=environment%3D%22GEN_2%22
[debug] [2024-02-28T21:21:26.705Z] <<< [apiv2][status] GET https://cloudfunctions.googleapis.com/v2/projects/betbetbonanza/locations/-/functions 200
[debug] [2024-02-28T21:21:26.705Z] <<< [apiv2][body] GET https://cloudfunctions.googleapis.com/v2/projects/betbetbonanza/locations/-/functions {"functions":[{"name":"projects/betbetbonanza/locations/us-central1/functions/updateDatabase","buildConfig":{"build":"projects/175118442458/locations/us-central1/builds/fdd7c633-ef20-4d5e-8d38-b602cbeb08d6","runtime":"nodejs18","entryPoint":"updateDatabase","source":{"storageSource":{"bucket":"gcf-v2-sources-175118442458-us-central1","object":"updateDatabase/function-source.zip","generation":"1709150690185838"}},"dockerRepository":"projects/betbetbonanza/locations/us-central1/repositories/gcf-artifacts","sourceProvenance":{"resolvedStorageSource":{"bucket":"gcf-v2-sources-175118442458-us-central1","object":"updateDatabase/function-source.zip","generation":"1709150690185838"}},"dockerRegistry":"ARTIFACT_REGISTRY"},"serviceConfig":{"service":"projects/betbetbonanza/locations/us-central1/services/updatedatabase","timeoutSeconds":60,"maxInstanceCount":100,"ingressSettings":"ALLOW_ALL","serviceAccountEmail":"firebase-adminsdk-1dgod@betbetbonanza.iam.gserviceaccount.com","availableMemory":"256M","allTrafficOnLatestRevision":true,"revision":"updatedatabase-00002-zoy","maxInstanceRequestConcurrency":1,"availableCpu":"167m"},"state":"ACTIVE","updateTime":"2024-02-28T20:17:52.519584324Z","labels":{"deployment-tool":"console-cloud"},"environment":"GEN_2","url":"https://us-central1-betbetbonanza.cloudfunctions.net/updateDatabase","createTime":"2024-02-28T20:04:50.392653082Z"}]}
[debug] [2024-02-28T21:21:26.707Z] Converting a function to an endpoint with an invalid memory option 244.140625
[info] i  functions: ensuring required API cloudscheduler.googleapis.com is enabled... 
[debug] [2024-02-28T21:21:26.713Z] >>> [apiv2][query] GET https://serviceusage.googleapis.com/v1/projects/betbetbonanza/services/cloudscheduler.googleapis.com [none]
[debug] [2024-02-28T21:21:26.714Z] >>> [apiv2][(partial)header] GET https://serviceusage.googleapis.com/v1/projects/betbetbonanza/services/cloudscheduler.googleapis.com x-goog-quota-user=projects/betbetbonanza
[debug] [2024-02-28T21:21:27.317Z] <<< [apiv2][status] GET https://serviceusage.googleapis.com/v1/projects/betbetbonanza/services/cloudscheduler.googleapis.com 200
[debug] [2024-02-28T21:21:27.317Z] <<< [apiv2][body] GET https://serviceusage.googleapis.com/v1/projects/betbetbonanza/services/cloudscheduler.googleapis.com [omitted]
[warn] !  functions: missing required API cloudscheduler.googleapis.com. Enabling now... 
[debug] [2024-02-28T21:21:27.319Z] >>> [apiv2][query] POST https://serviceusage.googleapis.com/v1/projects/betbetbonanza/services/cloudscheduler.googleapis.com:enable [none]
[debug] [2024-02-28T21:21:27.319Z] >>> [apiv2][(partial)header] POST https://serviceusage.googleapis.com/v1/projects/betbetbonanza/services/cloudscheduler.googleapis.com:enable x-goog-quota-user=projects/betbetbonanza
[debug] [2024-02-28T21:21:28.139Z] <<< [apiv2][status] POST https://serviceusage.googleapis.com/v1/projects/betbetbonanza/services/cloudscheduler.googleapis.com:enable 200
[debug] [2024-02-28T21:21:28.139Z] <<< [apiv2][body] POST https://serviceusage.googleapis.com/v1/projects/betbetbonanza/services/cloudscheduler.googleapis.com:enable [omitted]
[debug] [2024-02-28T21:21:38.147Z] >>> [apiv2][query] GET https://serviceusage.googleapis.com/v1/projects/betbetbonanza/services/cloudscheduler.googleapis.com [none]
[debug] [2024-02-28T21:21:38.147Z] >>> [apiv2][(partial)header] GET https://serviceusage.googleapis.com/v1/projects/betbetbonanza/services/cloudscheduler.googleapis.com x-goog-quota-user=projects/betbetbonanza
[debug] [2024-02-28T21:21:38.684Z] <<< [apiv2][status] GET https://serviceusage.googleapis.com/v1/projects/betbetbonanza/services/cloudscheduler.googleapis.com 200
[debug] [2024-02-28T21:21:38.684Z] <<< [apiv2][body] GET https://serviceusage.googleapis.com/v1/projects/betbetbonanza/services/cloudscheduler.googleapis.com [omitted]
[info] +  functions: required API cloudscheduler.googleapis.com is enabled 
[info] i  functions: ensuring required API run.googleapis.com is enabled... 
[info] i  functions: ensuring required API eventarc.googleapis.com is enabled... 
[info] i  functions: ensuring required API pubsub.googleapis.com is enabled... 
[info] i  functions: ensuring required API storage.googleapis.com is enabled... 
[debug] [2024-02-28T21:21:38.699Z] >>> [apiv2][query] GET https://serviceusage.googleapis.com/v1/projects/betbetbonanza/services/run.googleapis.com [none]
[debug] [2024-02-28T21:21:38.700Z] >>> [apiv2][(partial)header] GET https://serviceusage.googleapis.com/v1/projects/betbetbonanza/services/run.googleapis.com x-goog-quota-user=projects/betbetbonanza
[debug] [2024-02-28T21:21:38.708Z] >>> [apiv2][query] GET https://serviceusage.googleapis.com/v1/projects/betbetbonanza/services/eventarc.googleapis.com [none]
[debug] [2024-02-28T21:21:38.708Z] >>> [apiv2][(partial)header] GET https://serviceusage.googleapis.com/v1/projects/betbetbonanza/services/eventarc.googleapis.com x-goog-quota-user=projects/betbetbonanza
[debug] [2024-02-28T21:21:38.714Z] >>> [apiv2][query] GET https://serviceusage.googleapis.com/v1/projects/betbetbonanza/services/pubsub.googleapis.com [none]
[debug] [2024-02-28T21:21:38.714Z] >>> [apiv2][(partial)header] GET https://serviceusage.googleapis.com/v1/projects/betbetbonanza/services/pubsub.googleapis.com x-goog-quota-user=projects/betbetbonanza
[debug] [2024-02-28T21:21:38.718Z] >>> [apiv2][query] GET https://serviceusage.googleapis.com/v1/projects/betbetbonanza/services/storage.googleapis.com [none]
[debug] [2024-02-28T21:21:38.719Z] >>> [apiv2][(partial)header] GET https://serviceusage.googleapis.com/v1/projects/betbetbonanza/services/storage.googleapis.com x-goog-quota-user=projects/betbetbonanza
[debug] [2024-02-28T21:21:39.093Z] <<< [apiv2][status] GET https://serviceusage.googleapis.com/v1/projects/betbetbonanza/services/eventarc.googleapis.com 200
[debug] [2024-02-28T21:21:39.094Z] <<< [apiv2][body] GET https://serviceusage.googleapis.com/v1/projects/betbetbonanza/services/eventarc.googleapis.com [omitted]
[warn] !  functions: missing required API eventarc.googleapis.com. Enabling now... 
[debug] [2024-02-28T21:21:39.096Z] >>> [apiv2][query] POST https://serviceusage.googleapis.com/v1/projects/betbetbonanza/services/eventarc.googleapis.com:enable [none]
[debug] [2024-02-28T21:21:39.096Z] >>> [apiv2][(partial)header] POST https://serviceusage.googleapis.com/v1/projects/betbetbonanza/services/eventarc.googleapis.com:enable x-goog-quota-user=projects/betbetbonanza
[debug] [2024-02-28T21:21:39.253Z] <<< [apiv2][status] GET https://serviceusage.googleapis.com/v1/projects/betbetbonanza/services/run.googleapis.com 200
[debug] [2024-02-28T21:21:39.254Z] <<< [apiv2][body] GET https://serviceusage.googleapis.com/v1/projects/betbetbonanza/services/run.googleapis.com [omitted]
[info] +  functions: required API run.googleapis.com is enabled 
[debug] [2024-02-28T21:21:39.261Z] <<< [apiv2][status] GET https://serviceusage.googleapis.com/v1/projects/betbetbonanza/services/storage.googleapis.com 200
[debug] [2024-02-28T21:21:39.261Z] <<< [apiv2][body] GET https://serviceusage.googleapis.com/v1/projects/betbetbonanza/services/storage.googleapis.com [omitted]
[info] +  functions: required API storage.googleapis.com is enabled 
[debug] [2024-02-28T21:21:39.285Z] <<< [apiv2][status] GET https://serviceusage.googleapis.com/v1/projects/betbetbonanza/services/pubsub.googleapis.com 200
[debug] [2024-02-28T21:21:39.286Z] <<< [apiv2][body] GET https://serviceusage.googleapis.com/v1/projects/betbetbonanza/services/pubsub.googleapis.com [omitted]
[info] +  functions: required API pubsub.googleapis.com is enabled 
[debug] [2024-02-28T21:21:39.810Z] <<< [apiv2][status] POST https://serviceusage.googleapis.com/v1/projects/betbetbonanza/services/eventarc.googleapis.com:enable 200
[debug] [2024-02-28T21:21:39.810Z] <<< [apiv2][body] POST https://serviceusage.googleapis.com/v1/projects/betbetbonanza/services/eventarc.googleapis.com:enable [omitted]
[debug] [2024-02-28T21:21:49.823Z] >>> [apiv2][query] GET https://serviceusage.googleapis.com/v1/projects/betbetbonanza/services/eventarc.googleapis.com [none]
[debug] [2024-02-28T21:21:49.824Z] >>> [apiv2][(partial)header] GET https://serviceusage.googleapis.com/v1/projects/betbetbonanza/services/eventarc.googleapis.com x-goog-quota-user=projects/betbetbonanza
[debug] [2024-02-28T21:21:50.464Z] <<< [apiv2][status] GET https://serviceusage.googleapis.com/v1/projects/betbetbonanza/services/eventarc.googleapis.com 200
[debug] [2024-02-28T21:21:50.464Z] <<< [apiv2][body] GET https://serviceusage.googleapis.com/v1/projects/betbetbonanza/services/eventarc.googleapis.com [omitted]
[info] +  functions: required API eventarc.googleapis.com is enabled 
[info] i  functions: generating the service identity for pubsub.googleapis.com... 
[info] i  functions: generating the service identity for eventarc.googleapis.com... 
[debug] [2024-02-28T21:21:50.476Z] >>> [apiv2][query] POST https://serviceusage.googleapis.com/v1beta1/projects/175118442458/services/pubsub.googleapis.com:generateServiceIdentity [none]
[debug] [2024-02-28T21:21:50.484Z] >>> [apiv2][query] POST https://serviceusage.googleapis.com/v1beta1/projects/175118442458/services/eventarc.googleapis.com:generateServiceIdentity [none]
[debug] [2024-02-28T21:21:51.486Z] <<< [apiv2][status] POST https://serviceusage.googleapis.com/v1beta1/projects/175118442458/services/eventarc.googleapis.com:generateServiceIdentity 200
[debug] [2024-02-28T21:21:51.486Z] <<< [apiv2][body] POST https://serviceusage.googleapis.com/v1beta1/projects/175118442458/services/eventarc.googleapis.com:generateServiceIdentity {"name":"operations/finished.DONE_OPERATION","done":true,"response":{"@type":"type.googleapis.com/google.api.serviceusage.v1beta1.ServiceIdentity","email":"service-175118442458@gcp-sa-eventarc.iam.gserviceaccount.com","uniqueId":"102499794529844351202"}}
[debug] [2024-02-28T21:21:51.689Z] <<< [apiv2][status] POST https://serviceusage.googleapis.com/v1beta1/projects/175118442458/services/pubsub.googleapis.com:generateServiceIdentity 200
[debug] [2024-02-28T21:21:51.689Z] <<< [apiv2][body] POST https://serviceusage.googleapis.com/v1beta1/projects/175118442458/services/pubsub.googleapis.com:generateServiceIdentity {"name":"operations/finished.DONE_OPERATION","done":true,"response":{"@type":"type.googleapis.com/google.api.serviceusage.v1beta1.ServiceIdentity","email":"service-175118442458@gcp-sa-pubsub.iam.gserviceaccount.com","uniqueId":"102070214640027299163"}}
[debug] [2024-02-28T21:21:51.695Z] >>> [apiv2][query] GET https://firebase.googleapis.com/v1beta1/projects/betbetbonanza [none]
[debug] [2024-02-28T21:21:51.869Z] <<< [apiv2][status] GET https://firebase.googleapis.com/v1beta1/projects/betbetbonanza 200
[debug] [2024-02-28T21:21:51.870Z] <<< [apiv2][body] GET https://firebase.googleapis.com/v1beta1/projects/betbetbonanza {"projectId":"betbetbonanza","projectNumber":"175118442458","displayName":"BetBetBonanza","name":"projects/betbetbonanza","resources":{"hostingSite":"betbetbonanza","realtimeDatabaseInstance":"betbetbonanza-default-rtdb","storageBucket":"betbetbonanza.appspot.com","locationId":"us-central"},"state":"ACTIVE","etag":"1_d06aa2c5-095f-4287-a5bf-e230c03e1723"}
[debug] [2024-02-28T21:21:51.874Z] >>> [apiv2][query] POST https://cloudfunctions.googleapis.com/v2/projects/betbetbonanza/locations/us-central1/functions:generateUploadUrl [none]
[debug] [2024-02-28T21:21:52.199Z] <<< [apiv2][status] POST https://cloudfunctions.googleapis.com/v2/projects/betbetbonanza/locations/us-central1/functions:generateUploadUrl 200
[debug] [2024-02-28T21:21:52.199Z] <<< [apiv2][body] POST https://cloudfunctions.googleapis.com/v2/projects/betbetbonanza/locations/us-central1/functions:generateUploadUrl {"uploadUrl":"https://storage.googleapis.com/gcf-v2-uploads-175118442458-us-central1/053f5eca-0309-4f6d-86e4-7034850c83d9.zip?GoogleAccessId=service-175118442458@gcf-admin-robot.iam.gserviceaccount.com&Expires=1709157112&Signature=PdMf3ZNwITyoJa%2F154fJf3D%2BF0Yke%2Bjy%2BGEQRRypwUUy8kMiDHPmsYRxgC5%2F2IHgNgoSZrZIF1TonGIKBsoxEAhN%2FKO95DOBDIN9qzyOrjjmQI4UIJ%2B5xj6dDLaKPUFiPWUAI6iliiQaLVz5I0iC7A7cOJGUQFHYLNTVuo3sYbWO%2FLceRtCg8y5OscbVofpTY03tTD4r9IVkzrV5Ym33lPhJr4P0IoJtVPE4%2BUx9ZKrUB6l%2Fcu0tSUAzxfHqfk1KWzknhs7TpBNZkwwXt%2BqW9qSd%2BADsQK5skQ0%2BV32%2BQc%2B8e6mnSl2VDrT6SbzVhgrMTkcab0y5pDiOaMLM18sboQ%3D%3D","storageSource":{"bucket":"gcf-v2-uploads-175118442458-us-central1","object":"053f5eca-0309-4f6d-86e4-7034850c83d9.zip"}}
[debug] [2024-02-28T21:21:52.202Z] >>> [apiv2][query] PUT https://storage.googleapis.com/gcf-v2-uploads-175118442458-us-central1/053f5eca-0309-4f6d-86e4-7034850c83d9.zip GoogleAccessId=service-175118442458%40gcf-admin-robot.iam.gserviceaccount.com&Expires=1709157112&Signature=PdMf3ZNwITyoJa%2F154fJf3D%2BF0Yke%2Bjy%2BGEQRRypwUUy8kMiDHPmsYRxgC5%2F2IHgNgoSZrZIF1TonGIKBsoxEAhN%2FKO95DOBDIN9qzyOrjjmQI4UIJ%2B5xj6dDLaKPUFiPWUAI6iliiQaLVz5I0iC7A7cOJGUQFHYLNTVuo3sYbWO%2FLceRtCg8y5OscbVofpTY03tTD4r9IVkzrV5Ym33lPhJr4P0IoJtVPE4%2BUx9ZKrUB6l%2Fcu0tSUAzxfHqfk1KWzknhs7TpBNZkwwXt%2BqW9qSd%2BADsQK5skQ0%2BV32%2BQc%2B8e6mnSl2VDrT6SbzVhgrMTkcab0y5pDiOaMLM18sboQ%3D%3D
[debug] [2024-02-28T21:21:52.202Z] >>> [apiv2][body] PUT https://storage.googleapis.com/gcf-v2-uploads-175118442458-us-central1/053f5eca-0309-4f6d-86e4-7034850c83d9.zip [stream]
[debug] [2024-02-28T21:21:52.610Z] <<< [apiv2][status] PUT https://storage.googleapis.com/gcf-v2-uploads-175118442458-us-central1/053f5eca-0309-4f6d-86e4-7034850c83d9.zip 200
[debug] [2024-02-28T21:21:52.610Z] <<< [apiv2][body] PUT https://storage.googleapis.com/gcf-v2-uploads-175118442458-us-central1/053f5eca-0309-4f6d-86e4-7034850c83d9.zip [omitted]
[info] +  functions: functions folder uploaded successfully 
[info] i  functions: creating Node.js 18 (2nd Gen) function updateGameResults(us-central1)... 
[debug] [2024-02-28T21:21:52.628Z] >>> [apiv2][query] POST https://cloudfunctions.googleapis.com/v2/projects/betbetbonanza/locations/us-central1/functions functionId=updateGameResults
[debug] [2024-02-28T21:21:52.629Z] >>> [apiv2][body] POST https://cloudfunctions.googleapis.com/v2/projects/betbetbonanza/locations/us-central1/functions {"name":"projects/betbetbonanza/locations/us-central1/functions/updateGameResults","buildConfig":{"runtime":"nodejs18","entryPoint":"updateGameResults","source":{"storageSource":{"bucket":"gcf-v2-uploads-175118442458-us-central1","object":"053f5eca-0309-4f6d-86e4-7034850c83d9.zip"}},"environmentVariables":{"GOOGLE_NODE_RUN_SCRIPTS":""}},"serviceConfig":{"environmentVariables":{"FIREBASE_CONFIG":"{\"projectId\":\"betbetbonanza\",\"databaseURL\":\"https://betbetbonanza-default-rtdb.firebaseio.com\",\"storageBucket\":\"betbetbonanza.appspot.com\",\"locationId\":\"us-central\"}","GCLOUD_PROJECT":"betbetbonanza","EVENTARC_CLOUD_EVENT_SOURCE":"projects/betbetbonanza/locations/us-central1/services/updateGameResults","FUNCTION_TARGET":"updateGameResults"},"ingressSettings":null,"timeoutSeconds":null,"serviceAccountEmail":null,"availableMemory":"256Mi","minInstanceCount":null,"maxInstanceCount":null,"maxInstanceRequestConcurrency":80,"availableCpu":"1","vpcConnector":null,"vpcConnectorEgressSettings":null},"labels":{"deployment-tool":"cli-firebase","deployment-scheduled":"true","firebase-functions-hash":"8d53dc8ff146ed0eec53ff64dc82e5d54dc56643"}}
[debug] [2024-02-28T21:21:53.635Z] <<< [apiv2][status] POST https://cloudfunctions.googleapis.com/v2/projects/betbetbonanza/locations/us-central1/functions 200
[debug] [2024-02-28T21:21:53.636Z] <<< [apiv2][body] POST https://cloudfunctions.googleapis.com/v2/projects/betbetbonanza/locations/us-central1/functions {"name":"projects/betbetbonanza/locations/us-central1/operations/operation-1709155313069-61277bb4d2d78-94d3482b-8d08c324","metadata":{"@type":"type.googleapis.com/google.cloud.functions.v2.OperationMetadata","createTime":"2024-02-28T21:21:53.443757494Z","target":"projects/betbetbonanza/locations/us-central1/functions/updateGameResults","verb":"create","cancelRequested":false,"apiVersion":"v2"},"done":false}
[debug] [2024-02-28T21:21:53.637Z] >>> [apiv2][query] GET https://cloudfunctions.googleapis.com/v2/projects/betbetbonanza/locations/us-central1/operations/operation-1709155313069-61277bb4d2d78-94d3482b-8d08c324 [none]
[debug] [2024-02-28T21:21:53.795Z] <<< [apiv2][status] GET https://cloudfunctions.googleapis.com/v2/projects/betbetbonanza/locations/us-central1/operations/operation-1709155313069-61277bb4d2d78-94d3482b-8d08c324 200
[debug] [2024-02-28T21:21:53.796Z] <<< [apiv2][body] GET https://cloudfunctions.googleapis.com/v2/projects/betbetbonanza/locations/us-central1/operations/operation-1709155313069-61277bb4d2d78-94d3482b-8d08c324 {"name":"projects/betbetbonanza/locations/us-central1/operations/operation-1709155313069-61277bb4d2d78-94d3482b-8d08c324","metadata":{"@type":"type.googleapis.com/google.cloud.functions.v2.OperationMetadata","createTime":"2024-02-28T21:21:53.443757494Z","target":"projects/betbetbonanza/locations/us-central1/functions/updateGameResults","verb":"create","cancelRequested":false,"apiVersion":"v2","requestResource":{"@type":"type.googleapis.com/google.cloud.functions.v2.Function","name":"projects/betbetbonanza/locations/us-central1/functions/updateGameResults","buildConfig":{"runtime":"nodejs18","entryPoint":"updateGameResults","source":{"storageSource":{"bucket":"gcf-v2-sources-175118442458-us-central1","object":"updateGameResults/function-source.zip","generation":"1709155313229300"}},"environmentVariables":{"GOOGLE_NODE_RUN_SCRIPTS":""}},"serviceConfig":{"service":"projects/betbetbonanza/locations/us-central1/services/updategameresults","timeoutSeconds":60,"environmentVariables":{"FIREBASE_CONFIG":"{\"projectId\":\"betbetbonanza\",\"databaseURL\":\"https://betbetbonanza-default-rtdb.firebaseio.com\",\"storageBucket\":\"betbetbonanza.appspot.com\",\"locationId\":\"us-central\"}","GCLOUD_PROJECT":"betbetbonanza","EVENTARC_CLOUD_EVENT_SOURCE":"projects/betbetbonanza/locations/us-central1/services/updateGameResults","FUNCTION_TARGET":"updateGameResults"},"ingressSettings":"ALLOW_ALL","serviceAccountEmail":"175118442458-compute@developer.gserviceaccount.com","availableMemory":"256Mi","maxInstanceRequestConcurrency":80,"availableCpu":"1"},"labels":{"deployment-tool":"cli-firebase","deployment-scheduled":"true","firebase-functions-hash":"8d53dc8ff146ed0eec53ff64dc82e5d54dc56643"},"environment":"GEN_2"},"stages":[{"name":"BUILD","state":"NOT_STARTED"},{"name":"SERVICE","state":"NOT_STARTED"}],"operationType":"CREATE_FUNCTION"},"done":false}
[debug] [2024-02-28T21:21:54.310Z] [create-default-us-central1-updateGameResults] Retrying task index 0
[debug] [2024-02-28T21:21:54.311Z] >>> [apiv2][query] GET https://cloudfunctions.googleapis.com/v2/projects/betbetbonanza/locations/us-central1/operations/operation-1709155313069-61277bb4d2d78-94d3482b-8d08c324 [none]
[debug] [2024-02-28T21:21:54.762Z] <<< [apiv2][status] GET https://cloudfunctions.googleapis.com/v2/projects/betbetbonanza/locations/us-central1/operations/operation-1709155313069-61277bb4d2d78-94d3482b-8d08c324 200
[debug] [2024-02-28T21:21:54.763Z] <<< [apiv2][body] GET https://cloudfunctions.googleapis.com/v2/projects/betbetbonanza/locations/us-central1/operations/operation-1709155313069-61277bb4d2d78-94d3482b-8d08c324 {"name":"projects/betbetbonanza/locations/us-central1/operations/operation-1709155313069-61277bb4d2d78-94d3482b-8d08c324","metadata":{"@type":"type.googleapis.com/google.cloud.functions.v2.OperationMetadata","createTime":"2024-02-28T21:21:53.443757494Z","target":"projects/betbetbonanza/locations/us-central1/functions/updateGameResults","verb":"create","cancelRequested":false,"apiVersion":"v2","requestResource":{"@type":"type.googleapis.com/google.cloud.functions.v2.Function","name":"projects/betbetbonanza/locations/us-central1/functions/updateGameResults","buildConfig":{"runtime":"nodejs18","entryPoint":"updateGameResults","source":{"storageSource":{"bucket":"gcf-v2-sources-175118442458-us-central1","object":"updateGameResults/function-source.zip","generation":"1709155313229300"}},"environmentVariables":{"GOOGLE_NODE_RUN_SCRIPTS":""}},"serviceConfig":{"service":"projects/betbetbonanza/locations/us-central1/services/updategameresults","timeoutSeconds":60,"environmentVariables":{"FIREBASE_CONFIG":"{\"projectId\":\"betbetbonanza\",\"databaseURL\":\"https://betbetbonanza-default-rtdb.firebaseio.com\",\"storageBucket\":\"betbetbonanza.appspot.com\",\"locationId\":\"us-central\"}","GCLOUD_PROJECT":"betbetbonanza","EVENTARC_CLOUD_EVENT_SOURCE":"projects/betbetbonanza/locations/us-central1/services/updateGameResults","FUNCTION_TARGET":"updateGameResults"},"ingressSettings":"ALLOW_ALL","serviceAccountEmail":"175118442458-compute@developer.gserviceaccount.com","availableMemory":"256Mi","maxInstanceRequestConcurrency":80,"availableCpu":"1"},"labels":{"deployment-tool":"cli-firebase","deployment-scheduled":"true","firebase-functions-hash":"8d53dc8ff146ed0eec53ff64dc82e5d54dc56643"},"environment":"GEN_2"},"stages":[{"name":"BUILD","message":"Build in progress","state":"IN_PROGRESS","resource":"projects/175118442458/locations/us-central1/builds/7b75c194-cca0-4a3b-8e5b-ed8efeb962a8","resourceUri":"https://console.cloud.google.com/cloud-build/builds;region=us-central1/7b75c194-cca0-4a3b-8e5b-ed8efeb962a8?project=175118442458"},{"name":"SERVICE","state":"NOT_STARTED"}],"operationType":"CREATE_FUNCTION"},"done":false}
[debug] [2024-02-28T21:21:55.776Z] [create-default-us-central1-updateGameResults] Retrying task index 0
[debug] [2024-02-28T21:21:55.777Z] >>> [apiv2][query] GET https://cloudfunctions.googleapis.com/v2/projects/betbetbonanza/locations/us-central1/operations/operation-1709155313069-61277bb4d2d78-94d3482b-8d08c324 [none]
[debug] [2024-02-28T21:21:55.952Z] <<< [apiv2][status] GET https://cloudfunctions.googleapis.com/v2/projects/betbetbonanza/locations/us-central1/operations/operation-1709155313069-61277bb4d2d78-94d3482b-8d08c324 200
[debug] [2024-02-28T21:21:55.952Z] <<< [apiv2][body] GET https://cloudfunctions.googleapis.com/v2/projects/betbetbonanza/locations/us-central1/operations/operation-1709155313069-61277bb4d2d78-94d3482b-8d08c324 {"name":"projects/betbetbonanza/locations/us-central1/operations/operation-1709155313069-61277bb4d2d78-94d3482b-8d08c324","metadata":{"@type":"type.googleapis.com/google.cloud.functions.v2.OperationMetadata","createTime":"2024-02-28T21:21:53.443757494Z","target":"projects/betbetbonanza/locations/us-central1/functions/updateGameResults","verb":"create","cancelRequested":false,"apiVersion":"v2","requestResource":{"@type":"type.googleapis.com/google.cloud.functions.v2.Function","name":"projects/betbetbonanza/locations/us-central1/functions/updateGameResults","buildConfig":{"runtime":"nodejs18","entryPoint":"updateGameResults","source":{"storageSource":{"bucket":"gcf-v2-sources-175118442458-us-central1","object":"updateGameResults/function-source.zip","generation":"1709155313229300"}},"environmentVariables":{"GOOGLE_NODE_RUN_SCRIPTS":""}},"serviceConfig":{"service":"projects/betbetbonanza/locations/us-central1/services/updategameresults","timeoutSeconds":60,"environmentVariables":{"FIREBASE_CONFIG":"{\"projectId\":\"betbetbonanza\",\"databaseURL\":\"https://betbetbonanza-default-rtdb.firebaseio.com\",\"storageBucket\":\"betbetbonanza.appspot.com\",\"locationId\":\"us-central\"}","GCLOUD_PROJECT":"betbetbonanza","EVENTARC_CLOUD_EVENT_SOURCE":"projects/betbetbonanza/locations/us-central1/services/updateGameResults","FUNCTION_TARGET":"updateGameResults"},"ingressSettings":"ALLOW_ALL","serviceAccountEmail":"175118442458-compute@developer.gserviceaccount.com","availableMemory":"256Mi","maxInstanceRequestConcurrency":80,"availableCpu":"1"},"labels":{"deployment-tool":"cli-firebase","deployment-scheduled":"true","firebase-functions-hash":"8d53dc8ff146ed0eec53ff64dc82e5d54dc56643"},"environment":"GEN_2"},"stages":[{"name":"BUILD","message":"Build in progress","state":"IN_PROGRESS","resource":"projects/175118442458/locations/us-central1/builds/7b75c194-cca0-4a3b-8e5b-ed8efeb962a8","resourceUri":"https://console.cloud.google.com/cloud-build/builds;region=us-central1/7b75c194-cca0-4a3b-8e5b-ed8efeb962a8?project=175118442458"},{"name":"SERVICE","state":"NOT_STARTED"}],"operationType":"CREATE_FUNCTION"},"done":false}
[debug] [2024-02-28T21:21:57.967Z] [create-default-us-central1-updateGameResults] Retrying task index 0
[debug] [2024-02-28T21:21:57.968Z] >>> [apiv2][query] GET https://cloudfunctions.googleapis.com/v2/projects/betbetbonanza/locations/us-central1/operations/operation-1709155313069-61277bb4d2d78-94d3482b-8d08c324 [none]
[debug] [2024-02-28T21:21:58.110Z] <<< [apiv2][status] GET https://cloudfunctions.googleapis.com/v2/projects/betbetbonanza/locations/us-central1/operations/operation-1709155313069-61277bb4d2d78-94d3482b-8d08c324 200
[debug] [2024-02-28T21:21:58.110Z] <<< [apiv2][body] GET https://cloudfunctions.googleapis.com/v2/projects/betbetbonanza/locations/us-central1/operations/operation-1709155313069-61277bb4d2d78-94d3482b-8d08c324 {"name":"projects/betbetbonanza/locations/us-central1/operations/operation-1709155313069-61277bb4d2d78-94d3482b-8d08c324","metadata":{"@type":"type.googleapis.com/google.cloud.functions.v2.OperationMetadata","createTime":"2024-02-28T21:21:53.443757494Z","target":"projects/betbetbonanza/locations/us-central1/functions/updateGameResults","verb":"create","cancelRequested":false,"apiVersion":"v2","requestResource":{"@type":"type.googleapis.com/google.cloud.functions.v2.Function","name":"projects/betbetbonanza/locations/us-central1/functions/updateGameResults","buildConfig":{"runtime":"nodejs18","entryPoint":"updateGameResults","source":{"storageSource":{"bucket":"gcf-v2-sources-175118442458-us-central1","object":"updateGameResults/function-source.zip","generation":"1709155313229300"}},"environmentVariables":{"GOOGLE_NODE_RUN_SCRIPTS":""}},"serviceConfig":{"service":"projects/betbetbonanza/locations/us-central1/services/updategameresults","timeoutSeconds":60,"environmentVariables":{"FIREBASE_CONFIG":"{\"projectId\":\"betbetbonanza\",\"databaseURL\":\"https://betbetbonanza-default-rtdb.firebaseio.com\",\"storageBucket\":\"betbetbonanza.appspot.com\",\"locationId\":\"us-central\"}","GCLOUD_PROJECT":"betbetbonanza","EVENTARC_CLOUD_EVENT_SOURCE":"projects/betbetbonanza/locations/us-central1/services/updateGameResults","FUNCTION_TARGET":"updateGameResults"},"ingressSettings":"ALLOW_ALL","serviceAccountEmail":"175118442458-compute@developer.gserviceaccount.com","availableMemory":"256Mi","maxInstanceRequestConcurrency":80,"availableCpu":"1"},"labels":{"deployment-tool":"cli-firebase","deployment-scheduled":"true","firebase-functions-hash":"8d53dc8ff146ed0eec53ff64dc82e5d54dc56643"},"environment":"GEN_2"},"stages":[{"name":"BUILD","message":"Build in progress","state":"IN_PROGRESS","resource":"projects/175118442458/locations/us-central1/builds/7b75c194-cca0-4a3b-8e5b-ed8efeb962a8","resourceUri":"https://console.cloud.google.com/cloud-build/builds;region=us-central1/7b75c194-cca0-4a3b-8e5b-ed8efeb962a8?project=175118442458"},{"name":"SERVICE","state":"NOT_STARTED"}],"operationType":"CREATE_FUNCTION"},"done":false}
[debug] [2024-02-28T21:22:02.112Z] [create-default-us-central1-updateGameResults] Retrying task index 0
[debug] [2024-02-28T21:22:02.113Z] >>> [apiv2][query] GET https://cloudfunctions.googleapis.com/v2/projects/betbetbonanza/locations/us-central1/operations/operation-1709155313069-61277bb4d2d78-94d3482b-8d08c324 [none]
[debug] [2024-02-28T21:22:02.279Z] <<< [apiv2][status] GET https://cloudfunctions.googleapis.com/v2/projects/betbetbonanza/locations/us-central1/operations/operation-1709155313069-61277bb4d2d78-94d3482b-8d08c324 200
[debug] [2024-02-28T21:22:02.279Z] <<< [apiv2][body] GET https://cloudfunctions.googleapis.com/v2/projects/betbetbonanza/locations/us-central1/operations/operation-1709155313069-61277bb4d2d78-94d3482b-8d08c324 {"name":"projects/betbetbonanza/locations/us-central1/operations/operation-1709155313069-61277bb4d2d78-94d3482b-8d08c324","metadata":{"@type":"type.googleapis.com/google.cloud.functions.v2.OperationMetadata","createTime":"2024-02-28T21:21:53.443757494Z","target":"projects/betbetbonanza/locations/us-central1/functions/updateGameResults","verb":"create","cancelRequested":false,"apiVersion":"v2","requestResource":{"@type":"type.googleapis.com/google.cloud.functions.v2.Function","name":"projects/betbetbonanza/locations/us-central1/functions/updateGameResults","buildConfig":{"runtime":"nodejs18","entryPoint":"updateGameResults","source":{"storageSource":{"bucket":"gcf-v2-sources-175118442458-us-central1","object":"updateGameResults/function-source.zip","generation":"1709155313229300"}},"environmentVariables":{"GOOGLE_NODE_RUN_SCRIPTS":""}},"serviceConfig":{"service":"projects/betbetbonanza/locations/us-central1/services/updategameresults","timeoutSeconds":60,"environmentVariables":{"FIREBASE_CONFIG":"{\"projectId\":\"betbetbonanza\",\"databaseURL\":\"https://betbetbonanza-default-rtdb.firebaseio.com\",\"storageBucket\":\"betbetbonanza.appspot.com\",\"locationId\":\"us-central\"}","GCLOUD_PROJECT":"betbetbonanza","EVENTARC_CLOUD_EVENT_SOURCE":"projects/betbetbonanza/locations/us-central1/services/updateGameResults","FUNCTION_TARGET":"updateGameResults"},"ingressSettings":"ALLOW_ALL","serviceAccountEmail":"175118442458-compute@developer.gserviceaccount.com","availableMemory":"256Mi","maxInstanceRequestConcurrency":80,"availableCpu":"1"},"labels":{"deployment-tool":"cli-firebase","deployment-scheduled":"true","firebase-functions-hash":"8d53dc8ff146ed0eec53ff64dc82e5d54dc56643"},"environment":"GEN_2"},"stages":[{"name":"BUILD","message":"Build in progress","state":"IN_PROGRESS","resource":"projects/175118442458/locations/us-central1/builds/7b75c194-cca0-4a3b-8e5b-ed8efeb962a8","resourceUri":"https://console.cloud.google.com/cloud-build/builds;region=us-central1/7b75c194-cca0-4a3b-8e5b-ed8efeb962a8?project=175118442458"},{"name":"SERVICE","state":"NOT_STARTED"}],"operationType":"CREATE_FUNCTION"},"done":false}
[debug] [2024-02-28T21:22:10.282Z] [create-default-us-central1-updateGameResults] Retrying task index 0
[debug] [2024-02-28T21:22:10.283Z] >>> [apiv2][query] GET https://cloudfunctions.googleapis.com/v2/projects/betbetbonanza/locations/us-central1/operations/operation-1709155313069-61277bb4d2d78-94d3482b-8d08c324 [none]
[debug] [2024-02-28T21:22:10.737Z] <<< [apiv2][status] GET https://cloudfunctions.googleapis.com/v2/projects/betbetbonanza/locations/us-central1/operations/operation-1709155313069-61277bb4d2d78-94d3482b-8d08c324 200
[debug] [2024-02-28T21:22:10.738Z] <<< [apiv2][body] GET https://cloudfunctions.googleapis.com/v2/projects/betbetbonanza/locations/us-central1/operations/operation-1709155313069-61277bb4d2d78-94d3482b-8d08c324 {"name":"projects/betbetbonanza/locations/us-central1/operations/operation-1709155313069-61277bb4d2d78-94d3482b-8d08c324","metadata":{"@type":"type.googleapis.com/google.cloud.functions.v2.OperationMetadata","createTime":"2024-02-28T21:21:53.443757494Z","target":"projects/betbetbonanza/locations/us-central1/functions/updateGameResults","verb":"create","cancelRequested":false,"apiVersion":"v2","requestResource":{"@type":"type.googleapis.com/google.cloud.functions.v2.Function","name":"projects/betbetbonanza/locations/us-central1/functions/updateGameResults","buildConfig":{"runtime":"nodejs18","entryPoint":"updateGameResults","source":{"storageSource":{"bucket":"gcf-v2-sources-175118442458-us-central1","object":"updateGameResults/function-source.zip","generation":"1709155313229300"}},"environmentVariables":{"GOOGLE_NODE_RUN_SCRIPTS":""}},"serviceConfig":{"service":"projects/betbetbonanza/locations/us-central1/services/updategameresults","timeoutSeconds":60,"environmentVariables":{"FIREBASE_CONFIG":"{\"projectId\":\"betbetbonanza\",\"databaseURL\":\"https://betbetbonanza-default-rtdb.firebaseio.com\",\"storageBucket\":\"betbetbonanza.appspot.com\",\"locationId\":\"us-central\"}","GCLOUD_PROJECT":"betbetbonanza","EVENTARC_CLOUD_EVENT_SOURCE":"projects/betbetbonanza/locations/us-central1/services/updateGameResults","FUNCTION_TARGET":"updateGameResults"},"ingressSettings":"ALLOW_ALL","serviceAccountEmail":"175118442458-compute@developer.gserviceaccount.com","availableMemory":"256Mi","maxInstanceRequestConcurrency":80,"availableCpu":"1"},"labels":{"deployment-tool":"cli-firebase","deployment-scheduled":"true","firebase-functions-hash":"8d53dc8ff146ed0eec53ff64dc82e5d54dc56643"},"environment":"GEN_2"},"stages":[{"name":"BUILD","message":"Build in progress","state":"IN_PROGRESS","resource":"projects/175118442458/locations/us-central1/builds/7b75c194-cca0-4a3b-8e5b-ed8efeb962a8","resourceUri":"https://console.cloud.google.com/cloud-build/builds;region=us-central1/7b75c194-cca0-4a3b-8e5b-ed8efeb962a8?project=175118442458"},{"name":"SERVICE","state":"NOT_STARTED"}],"operationType":"CREATE_FUNCTION"},"done":false}
[debug] [2024-02-28T21:22:20.758Z] [create-default-us-central1-updateGameResults] Retrying task index 0
[debug] [2024-02-28T21:22:20.759Z] >>> [apiv2][query] GET https://cloudfunctions.googleapis.com/v2/projects/betbetbonanza/locations/us-central1/operations/operation-1709155313069-61277bb4d2d78-94d3482b-8d08c324 [none]
[debug] [2024-02-28T21:22:21.188Z] <<< [apiv2][status] GET https://cloudfunctions.googleapis.com/v2/projects/betbetbonanza/locations/us-central1/operations/operation-1709155313069-61277bb4d2d78-94d3482b-8d08c324 200
[debug] [2024-02-28T21:22:21.188Z] <<< [apiv2][body] GET https://cloudfunctions.googleapis.com/v2/projects/betbetbonanza/locations/us-central1/operations/operation-1709155313069-61277bb4d2d78-94d3482b-8d08c324 {"name":"projects/betbetbonanza/locations/us-central1/operations/operation-1709155313069-61277bb4d2d78-94d3482b-8d08c324","metadata":{"@type":"type.googleapis.com/google.cloud.functions.v2.OperationMetadata","createTime":"2024-02-28T21:21:53.443757494Z","target":"projects/betbetbonanza/locations/us-central1/functions/updateGameResults","verb":"create","cancelRequested":false,"apiVersion":"v2","requestResource":{"@type":"type.googleapis.com/google.cloud.functions.v2.Function","name":"projects/betbetbonanza/locations/us-central1/functions/updateGameResults","buildConfig":{"runtime":"nodejs18","entryPoint":"updateGameResults","source":{"storageSource":{"bucket":"gcf-v2-sources-175118442458-us-central1","object":"updateGameResults/function-source.zip","generation":"1709155313229300"}},"environmentVariables":{"GOOGLE_NODE_RUN_SCRIPTS":""}},"serviceConfig":{"service":"projects/betbetbonanza/locations/us-central1/services/updategameresults","timeoutSeconds":60,"environmentVariables":{"FIREBASE_CONFIG":"{\"projectId\":\"betbetbonanza\",\"databaseURL\":\"https://betbetbonanza-default-rtdb.firebaseio.com\",\"storageBucket\":\"betbetbonanza.appspot.com\",\"locationId\":\"us-central\"}","GCLOUD_PROJECT":"betbetbonanza","EVENTARC_CLOUD_EVENT_SOURCE":"projects/betbetbonanza/locations/us-central1/services/updateGameResults","FUNCTION_TARGET":"updateGameResults"},"ingressSettings":"ALLOW_ALL","serviceAccountEmail":"175118442458-compute@developer.gserviceaccount.com","availableMemory":"256Mi","maxInstanceRequestConcurrency":80,"availableCpu":"1"},"labels":{"deployment-tool":"cli-firebase","deployment-scheduled":"true","firebase-functions-hash":"8d53dc8ff146ed0eec53ff64dc82e5d54dc56643"},"environment":"GEN_2"},"stages":[{"name":"BUILD","message":"Build in progress","state":"IN_PROGRESS","resource":"projects/175118442458/locations/us-central1/builds/7b75c194-cca0-4a3b-8e5b-ed8efeb962a8","resourceUri":"https://console.cloud.google.com/cloud-build/builds;region=us-central1/7b75c194-cca0-4a3b-8e5b-ed8efeb962a8?project=175118442458"},{"name":"SERVICE","state":"NOT_STARTED"}],"operationType":"CREATE_FUNCTION"},"done":false}
[debug] [2024-02-28T21:22:31.194Z] [create-default-us-central1-updateGameResults] Retrying task index 0
[debug] [2024-02-28T21:22:31.195Z] >>> [apiv2][query] GET https://cloudfunctions.googleapis.com/v2/projects/betbetbonanza/locations/us-central1/operations/operation-1709155313069-61277bb4d2d78-94d3482b-8d08c324 [none]
[debug] [2024-02-28T21:22:31.557Z] <<< [apiv2][status] GET https://cloudfunctions.googleapis.com/v2/projects/betbetbonanza/locations/us-central1/operations/operation-1709155313069-61277bb4d2d78-94d3482b-8d08c324 200
[debug] [2024-02-28T21:22:31.557Z] <<< [apiv2][body] GET https://cloudfunctions.googleapis.com/v2/projects/betbetbonanza/locations/us-central1/operations/operation-1709155313069-61277bb4d2d78-94d3482b-8d08c324 {"name":"projects/betbetbonanza/locations/us-central1/operations/operation-1709155313069-61277bb4d2d78-94d3482b-8d08c324","metadata":{"@type":"type.googleapis.com/google.cloud.functions.v2.OperationMetadata","createTime":"2024-02-28T21:21:53.443757494Z","target":"projects/betbetbonanza/locations/us-central1/functions/updateGameResults","verb":"create","cancelRequested":false,"apiVersion":"v2","requestResource":{"@type":"type.googleapis.com/google.cloud.functions.v2.Function","name":"projects/betbetbonanza/locations/us-central1/functions/updateGameResults","buildConfig":{"runtime":"nodejs18","entryPoint":"updateGameResults","source":{"storageSource":{"bucket":"gcf-v2-sources-175118442458-us-central1","object":"updateGameResults/function-source.zip","generation":"1709155313229300"}},"environmentVariables":{"GOOGLE_NODE_RUN_SCRIPTS":""}},"serviceConfig":{"service":"projects/betbetbonanza/locations/us-central1/services/updategameresults","timeoutSeconds":60,"environmentVariables":{"FIREBASE_CONFIG":"{\"projectId\":\"betbetbonanza\",\"databaseURL\":\"https://betbetbonanza-default-rtdb.firebaseio.com\",\"storageBucket\":\"betbetbonanza.appspot.com\",\"locationId\":\"us-central\"}","GCLOUD_PROJECT":"betbetbonanza","EVENTARC_CLOUD_EVENT_SOURCE":"projects/betbetbonanza/locations/us-central1/services/updateGameResults","FUNCTION_TARGET":"updateGameResults"},"ingressSettings":"ALLOW_ALL","serviceAccountEmail":"175118442458-compute@developer.gserviceaccount.com","availableMemory":"256Mi","maxInstanceRequestConcurrency":80,"availableCpu":"1"},"labels":{"deployment-tool":"cli-firebase","deployment-scheduled":"true","firebase-functions-hash":"8d53dc8ff146ed0eec53ff64dc82e5d54dc56643"},"environment":"GEN_2"},"stages":[{"name":"BUILD","message":"Build in progress","state":"IN_PROGRESS","resource":"projects/175118442458/locations/us-central1/builds/7b75c194-cca0-4a3b-8e5b-ed8efeb962a8","resourceUri":"https://console.cloud.google.com/cloud-build/builds;region=us-central1/7b75c194-cca0-4a3b-8e5b-ed8efeb962a8?project=175118442458"},{"name":"SERVICE","state":"NOT_STARTED"}],"operationType":"CREATE_FUNCTION"},"done":false}
[debug] [2024-02-28T21:22:41.568Z] [create-default-us-central1-updateGameResults] Retrying task index 0
[debug] [2024-02-28T21:22:41.569Z] >>> [apiv2][query] GET https://cloudfunctions.googleapis.com/v2/projects/betbetbonanza/locations/us-central1/operations/operation-1709155313069-61277bb4d2d78-94d3482b-8d08c324 [none]
[debug] [2024-02-28T21:22:41.745Z] <<< [apiv2][status] GET https://cloudfunctions.googleapis.com/v2/projects/betbetbonanza/locations/us-central1/operations/operation-1709155313069-61277bb4d2d78-94d3482b-8d08c324 200
[debug] [2024-02-28T21:22:41.745Z] <<< [apiv2][body] GET https://cloudfunctions.googleapis.com/v2/projects/betbetbonanza/locations/us-central1/operations/operation-1709155313069-61277bb4d2d78-94d3482b-8d08c324 {"name":"projects/betbetbonanza/locations/us-central1/operations/operation-1709155313069-61277bb4d2d78-94d3482b-8d08c324","metadata":{"@type":"type.googleapis.com/google.cloud.functions.v2.OperationMetadata","createTime":"2024-02-28T21:21:53.443757494Z","target":"projects/betbetbonanza/locations/us-central1/functions/updateGameResults","verb":"create","cancelRequested":false,"apiVersion":"v2","requestResource":{"@type":"type.googleapis.com/google.cloud.functions.v2.Function","name":"projects/betbetbonanza/locations/us-central1/functions/updateGameResults","buildConfig":{"runtime":"nodejs18","entryPoint":"updateGameResults","source":{"storageSource":{"bucket":"gcf-v2-sources-175118442458-us-central1","object":"updateGameResults/function-source.zip","generation":"1709155313229300"}},"environmentVariables":{"GOOGLE_NODE_RUN_SCRIPTS":""}},"serviceConfig":{"service":"projects/betbetbonanza/locations/us-central1/services/updategameresults","timeoutSeconds":60,"environmentVariables":{"FIREBASE_CONFIG":"{\"projectId\":\"betbetbonanza\",\"databaseURL\":\"https://betbetbonanza-default-rtdb.firebaseio.com\",\"storageBucket\":\"betbetbonanza.appspot.com\",\"locationId\":\"us-central\"}","GCLOUD_PROJECT":"betbetbonanza","EVENTARC_CLOUD_EVENT_SOURCE":"projects/betbetbonanza/locations/us-central1/services/updateGameResults","FUNCTION_TARGET":"updateGameResults"},"ingressSettings":"ALLOW_ALL","serviceAccountEmail":"175118442458-compute@developer.gserviceaccount.com","availableMemory":"256Mi","maxInstanceRequestConcurrency":80,"availableCpu":"1"},"labels":{"deployment-tool":"cli-firebase","deployment-scheduled":"true","firebase-functions-hash":"8d53dc8ff146ed0eec53ff64dc82e5d54dc56643"},"environment":"GEN_2"},"stages":[{"name":"BUILD","message":"Build in progress","state":"IN_PROGRESS","resource":"projects/175118442458/locations/us-central1/builds/7b75c194-cca0-4a3b-8e5b-ed8efeb962a8","resourceUri":"https://console.cloud.google.com/cloud-build/builds;region=us-central1/7b75c194-cca0-4a3b-8e5b-ed8efeb962a8?project=175118442458"},{"name":"SERVICE","state":"NOT_STARTED"}],"operationType":"CREATE_FUNCTION"},"done":false}
[debug] [2024-02-28T21:22:51.754Z] [create-default-us-central1-updateGameResults] Retrying task index 0
[debug] [2024-02-28T21:22:51.755Z] >>> [apiv2][query] GET https://cloudfunctions.googleapis.com/v2/projects/betbetbonanza/locations/us-central1/operations/operation-1709155313069-61277bb4d2d78-94d3482b-8d08c324 [none]
[debug] [2024-02-28T21:22:52.093Z] <<< [apiv2][status] GET https://cloudfunctions.googleapis.com/v2/projects/betbetbonanza/locations/us-central1/operations/operation-1709155313069-61277bb4d2d78-94d3482b-8d08c324 200
[debug] [2024-02-28T21:22:52.093Z] <<< [apiv2][body] GET https://cloudfunctions.googleapis.com/v2/projects/betbetbonanza/locations/us-central1/operations/operation-1709155313069-61277bb4d2d78-94d3482b-8d08c324 {"name":"projects/betbetbonanza/locations/us-central1/operations/operation-1709155313069-61277bb4d2d78-94d3482b-8d08c324","metadata":{"@type":"type.googleapis.com/google.cloud.functions.v2.OperationMetadata","createTime":"2024-02-28T21:21:53.443757494Z","target":"projects/betbetbonanza/locations/us-central1/functions/updateGameResults","verb":"create","cancelRequested":false,"apiVersion":"v2","requestResource":{"@type":"type.googleapis.com/google.cloud.functions.v2.Function","name":"projects/betbetbonanza/locations/us-central1/functions/updateGameResults","buildConfig":{"runtime":"nodejs18","entryPoint":"updateGameResults","source":{"storageSource":{"bucket":"gcf-v2-sources-175118442458-us-central1","object":"updateGameResults/function-source.zip","generation":"1709155313229300"}},"environmentVariables":{"GOOGLE_NODE_RUN_SCRIPTS":""}},"serviceConfig":{"service":"projects/betbetbonanza/locations/us-central1/services/updategameresults","timeoutSeconds":60,"environmentVariables":{"FIREBASE_CONFIG":"{\"projectId\":\"betbetbonanza\",\"databaseURL\":\"https://betbetbonanza-default-rtdb.firebaseio.com\",\"storageBucket\":\"betbetbonanza.appspot.com\",\"locationId\":\"us-central\"}","GCLOUD_PROJECT":"betbetbonanza","EVENTARC_CLOUD_EVENT_SOURCE":"projects/betbetbonanza/locations/us-central1/services/updateGameResults","FUNCTION_TARGET":"updateGameResults"},"ingressSettings":"ALLOW_ALL","serviceAccountEmail":"175118442458-compute@developer.gserviceaccount.com","availableMemory":"256Mi","maxInstanceRequestConcurrency":80,"availableCpu":"1"},"labels":{"deployment-tool":"cli-firebase","deployment-scheduled":"true","firebase-functions-hash":"8d53dc8ff146ed0eec53ff64dc82e5d54dc56643"},"environment":"GEN_2"},"stages":[{"name":"BUILD","message":"Build finished","state":"COMPLETE","resource":"projects/175118442458/locations/us-central1/builds/7b75c194-cca0-4a3b-8e5b-ed8efeb962a8","resourceUri":"https://console.cloud.google.com/cloud-build/builds;region=us-central1/7b75c194-cca0-4a3b-8e5b-ed8efeb962a8?project=175118442458"},{"name":"SERVICE","message":"Creating Cloud Run service","state":"IN_PROGRESS","resource":"projects/betbetbonanza/locations/us-central1/services/updategameresults","resourceUri":"https://console.cloud.google.com/run/detail/us-central1/updategameresults?project=betbetbonanza"}],"sourceToken":"Cldwcm9qZWN0cy8xNzUxMTg0NDI0NTgvbG9jYXRpb25zL3VzLWNlbnRyYWwxL2J1aWxkcy83Yjc1YzE5NC1jY2EwLTRhM2ItOGU1Yi1lZDhlZmViOTYyYTgSVHVzLWNlbnRyYWwxLWRvY2tlci5wa2cuZGV2L2JldGJldGJvbmFuemEvZ2NmLWFydGlmYWN0cy91cGRhdGVfZ2FtZV9yZXN1bHRzOnZlcnNpb25fMRjav/2ujAUiSHByb2plY3RzL2JldGJldGJvbmFuemEvbG9jYXRpb25zL3VzLWNlbnRyYWwxL2Z1bmN0aW9ucy91cGRhdGVHYW1lUmVzdWx0cyoLCKrI/q4GEPDh1AgyCG5vZGVqczE4","operationType":"CREATE_FUNCTION"},"done":false}
[debug] [2024-02-28T21:22:52.093Z] Got source token Cldwcm9qZWN0cy8xNzUxMTg0NDI0NTgvbG9jYXRpb25zL3VzLWNlbnRyYWwxL2J1aWxkcy83Yjc1YzE5NC1jY2EwLTRhM2ItOGU1Yi1lZDhlZmViOTYyYTgSVHVzLWNlbnRyYWwxLWRvY2tlci5wa2cuZGV2L2JldGJldGJvbmFuemEvZ2NmLWFydGlmYWN0cy91cGRhdGVfZ2FtZV9yZXN1bHRzOnZlcnNpb25fMRjav/2ujAUiSHByb2plY3RzL2JldGJldGJvbmFuemEvbG9jYXRpb25zL3VzLWNlbnRyYWwxL2Z1bmN0aW9ucy91cGRhdGVHYW1lUmVzdWx0cyoLCKrI/q4GEPDh1AgyCG5vZGVqczE4 for region us-central1
[debug] [2024-02-28T21:23:02.110Z] [create-default-us-central1-updateGameResults] Retrying task index 0
[debug] [2024-02-28T21:23:02.111Z] >>> [apiv2][query] GET https://cloudfunctions.googleapis.com/v2/projects/betbetbonanza/locations/us-central1/operations/operation-1709155313069-61277bb4d2d78-94d3482b-8d08c324 [none]
[debug] [2024-02-28T21:23:02.660Z] <<< [apiv2][status] GET https://cloudfunctions.googleapis.com/v2/projects/betbetbonanza/locations/us-central1/operations/operation-1709155313069-61277bb4d2d78-94d3482b-8d08c324 200
[debug] [2024-02-28T21:23:02.661Z] <<< [apiv2][body] GET https://cloudfunctions.googleapis.com/v2/projects/betbetbonanza/locations/us-central1/operations/operation-1709155313069-61277bb4d2d78-94d3482b-8d08c324 {"name":"projects/betbetbonanza/locations/us-central1/operations/operation-1709155313069-61277bb4d2d78-94d3482b-8d08c324","metadata":{"@type":"type.googleapis.com/google.cloud.functions.v2.OperationMetadata","createTime":"2024-02-28T21:21:53.443757494Z","target":"projects/betbetbonanza/locations/us-central1/functions/updateGameResults","verb":"create","cancelRequested":false,"apiVersion":"v2","requestResource":{"@type":"type.googleapis.com/google.cloud.functions.v2.Function","name":"projects/betbetbonanza/locations/us-central1/functions/updateGameResults","buildConfig":{"runtime":"nodejs18","entryPoint":"updateGameResults","source":{"storageSource":{"bucket":"gcf-v2-sources-175118442458-us-central1","object":"updateGameResults/function-source.zip","generation":"1709155313229300"}},"environmentVariables":{"GOOGLE_NODE_RUN_SCRIPTS":""}},"serviceConfig":{"service":"projects/betbetbonanza/locations/us-central1/services/updategameresults","timeoutSeconds":60,"environmentVariables":{"FIREBASE_CONFIG":"{\"projectId\":\"betbetbonanza\",\"databaseURL\":\"https://betbetbonanza-default-rtdb.firebaseio.com\",\"storageBucket\":\"betbetbonanza.appspot.com\",\"locationId\":\"us-central\"}","GCLOUD_PROJECT":"betbetbonanza","EVENTARC_CLOUD_EVENT_SOURCE":"projects/betbetbonanza/locations/us-central1/services/updateGameResults","FUNCTION_TARGET":"updateGameResults"},"ingressSettings":"ALLOW_ALL","serviceAccountEmail":"175118442458-compute@developer.gserviceaccount.com","availableMemory":"256Mi","maxInstanceRequestConcurrency":80,"availableCpu":"1"},"labels":{"deployment-tool":"cli-firebase","deployment-scheduled":"true","firebase-functions-hash":"8d53dc8ff146ed0eec53ff64dc82e5d54dc56643"},"environment":"GEN_2"},"stages":[{"name":"BUILD","message":"Build finished","state":"COMPLETE","resource":"projects/175118442458/locations/us-central1/builds/7b75c194-cca0-4a3b-8e5b-ed8efeb962a8","resourceUri":"https://console.cloud.google.com/cloud-build/builds;region=us-central1/7b75c194-cca0-4a3b-8e5b-ed8efeb962a8?project=175118442458"},{"name":"SERVICE","message":"Creating Cloud Run service","state":"IN_PROGRESS","resource":"projects/betbetbonanza/locations/us-central1/services/updategameresults","resourceUri":"https://console.cloud.google.com/run/detail/us-central1/updategameresults?project=betbetbonanza"}],"sourceToken":"Cldwcm9qZWN0cy8xNzUxMTg0NDI0NTgvbG9jYXRpb25zL3VzLWNlbnRyYWwxL2J1aWxkcy83Yjc1YzE5NC1jY2EwLTRhM2ItOGU1Yi1lZDhlZmViOTYyYTgSVHVzLWNlbnRyYWwxLWRvY2tlci5wa2cuZGV2L2JldGJldGJvbmFuemEvZ2NmLWFydGlmYWN0cy91cGRhdGVfZ2FtZV9yZXN1bHRzOnZlcnNpb25fMRjav/2ujAUiSHByb2plY3RzL2JldGJldGJvbmFuemEvbG9jYXRpb25zL3VzLWNlbnRyYWwxL2Z1bmN0aW9ucy91cGRhdGVHYW1lUmVzdWx0cyoLCKrI/q4GEPDh1AgyCG5vZGVqczE4","operationType":"CREATE_FUNCTION"},"done":false}
[debug] [2024-02-28T21:23:02.661Z] Got source token Cldwcm9qZWN0cy8xNzUxMTg0NDI0NTgvbG9jYXRpb25zL3VzLWNlbnRyYWwxL2J1aWxkcy83Yjc1YzE5NC1jY2EwLTRhM2ItOGU1Yi1lZDhlZmViOTYyYTgSVHVzLWNlbnRyYWwxLWRvY2tlci5wa2cuZGV2L2JldGJldGJvbmFuemEvZ2NmLWFydGlmYWN0cy91cGRhdGVfZ2FtZV9yZXN1bHRzOnZlcnNpb25fMRjav/2ujAUiSHByb2plY3RzL2JldGJldGJvbmFuemEvbG9jYXRpb25zL3VzLWNlbnRyYWwxL2Z1bmN0aW9ucy91cGRhdGVHYW1lUmVzdWx0cyoLCKrI/q4GEPDh1AgyCG5vZGVqczE4 for region us-central1
[debug] [2024-02-28T21:23:12.665Z] [create-default-us-central1-updateGameResults] Retrying task index 0
[debug] [2024-02-28T21:23:12.668Z] >>> [apiv2][query] GET https://cloudfunctions.googleapis.com/v2/projects/betbetbonanza/locations/us-central1/operations/operation-1709155313069-61277bb4d2d78-94d3482b-8d08c324 [none]
[debug] [2024-02-28T21:23:12.838Z] <<< [apiv2][status] GET https://cloudfunctions.googleapis.com/v2/projects/betbetbonanza/locations/us-central1/operations/operation-1709155313069-61277bb4d2d78-94d3482b-8d08c324 200
[debug] [2024-02-28T21:23:12.838Z] <<< [apiv2][body] GET https://cloudfunctions.googleapis.com/v2/projects/betbetbonanza/locations/us-central1/operations/operation-1709155313069-61277bb4d2d78-94d3482b-8d08c324 {"name":"projects/betbetbonanza/locations/us-central1/operations/operation-1709155313069-61277bb4d2d78-94d3482b-8d08c324","metadata":{"@type":"type.googleapis.com/google.cloud.functions.v2.OperationMetadata","createTime":"2024-02-28T21:21:53.443757494Z","endTime":"2024-02-28T21:23:03.877994337Z","target":"projects/betbetbonanza/locations/us-central1/functions/updateGameResults","verb":"create","cancelRequested":false,"apiVersion":"v2","requestResource":{"@type":"type.googleapis.com/google.cloud.functions.v2.Function","name":"projects/betbetbonanza/locations/us-central1/functions/updateGameResults","buildConfig":{"runtime":"nodejs18","entryPoint":"updateGameResults","source":{"storageSource":{"bucket":"gcf-v2-sources-175118442458-us-central1","object":"updateGameResults/function-source.zip","generation":"1709155313229300"}},"environmentVariables":{"GOOGLE_NODE_RUN_SCRIPTS":""}},"serviceConfig":{"service":"projects/betbetbonanza/locations/us-central1/services/updategameresults","timeoutSeconds":60,"environmentVariables":{"FIREBASE_CONFIG":"{\"projectId\":\"betbetbonanza\",\"databaseURL\":\"https://betbetbonanza-default-rtdb.firebaseio.com\",\"storageBucket\":\"betbetbonanza.appspot.com\",\"locationId\":\"us-central\"}","GCLOUD_PROJECT":"betbetbonanza","EVENTARC_CLOUD_EVENT_SOURCE":"projects/betbetbonanza/locations/us-central1/services/updateGameResults","FUNCTION_TARGET":"updateGameResults"},"ingressSettings":"ALLOW_ALL","serviceAccountEmail":"175118442458-compute@developer.gserviceaccount.com","availableMemory":"256Mi","maxInstanceRequestConcurrency":80,"availableCpu":"1"},"labels":{"deployment-tool":"cli-firebase","deployment-scheduled":"true","firebase-functions-hash":"8d53dc8ff146ed0eec53ff64dc82e5d54dc56643"},"environment":"GEN_2"},"stages":[{"name":"BUILD","message":"Build finished","state":"COMPLETE","resource":"projects/175118442458/locations/us-central1/builds/7b75c194-cca0-4a3b-8e5b-ed8efeb962a8","resourceUri":"https://console.cloud.google.com/cloud-build/builds;region=us-central1/7b75c194-cca0-4a3b-8e5b-ed8efeb962a8?project=175118442458"},{"name":"SERVICE","message":"Creating Cloud Run service","state":"COMPLETE","resource":"projects/betbetbonanza/locations/us-central1/services/updategameresults","resourceUri":"https://console.cloud.google.com/run/detail/us-central1/updategameresults?project=betbetbonanza"}],"sourceToken":"Cldwcm9qZWN0cy8xNzUxMTg0NDI0NTgvbG9jYXRpb25zL3VzLWNlbnRyYWwxL2J1aWxkcy83Yjc1YzE5NC1jY2EwLTRhM2ItOGU1Yi1lZDhlZmViOTYyYTgSVHVzLWNlbnRyYWwxLWRvY2tlci5wa2cuZGV2L2JldGJldGJvbmFuemEvZ2NmLWFydGlmYWN0cy91cGRhdGVfZ2FtZV9yZXN1bHRzOnZlcnNpb25fMRjav/2ujAUiSHByb2plY3RzL2JldGJldGJvbmFuemEvbG9jYXRpb25zL3VzLWNlbnRyYWwxL2Z1bmN0aW9ucy91cGRhdGVHYW1lUmVzdWx0cyoLCKrI/q4GEPDh1AgyCG5vZGVqczE4","operationType":"CREATE_FUNCTION"},"done":true,"response":{"@type":"type.googleapis.com/google.cloud.functions.v2.Function","name":"projects/betbetbonanza/locations/us-central1/functions/updateGameResults","buildConfig":{"build":"projects/175118442458/locations/us-central1/builds/7b75c194-cca0-4a3b-8e5b-ed8efeb962a8","runtime":"nodejs18","entryPoint":"updateGameResults","source":{"storageSource":{"bucket":"gcf-v2-sources-175118442458-us-central1","object":"updateGameResults/function-source.zip","generation":"1709155313229300"}},"environmentVariables":{"GOOGLE_NODE_RUN_SCRIPTS":""},"dockerRepository":"projects/betbetbonanza/locations/us-central1/repositories/gcf-artifacts","sourceProvenance":{"resolvedStorageSource":{"bucket":"gcf-v2-sources-175118442458-us-central1","object":"updateGameResults/function-source.zip","generation":"1709155313229300"}},"dockerRegistry":"ARTIFACT_REGISTRY"},"serviceConfig":{"service":"projects/betbetbonanza/locations/us-central1/services/updategameresults","timeoutSeconds":60,"environmentVariables":{"FIREBASE_CONFIG":"{\"projectId\":\"betbetbonanza\",\"databaseURL\":\"https://betbetbonanza-default-rtdb.firebaseio.com\",\"storageBucket\":\"betbetbonanza.appspot.com\",\"locationId\":\"us-central\"}","GCLOUD_PROJECT":"betbetbonanza","EVENTARC_CLOUD_EVENT_SOURCE":"projects/betbetbonanza/locations/us-central1/services/updateGameResults","FUNCTION_TARGET":"updateGameResults"},"maxInstanceCount":100,"ingressSettings":"ALLOW_ALL","uri":"https://updategameresults-g2ypzybapa-uc.a.run.app","serviceAccountEmail":"175118442458-compute@developer.gserviceaccount.com","availableMemory":"256Mi","allTrafficOnLatestRevision":true,"revision":"updategameresults-00001-nec","maxInstanceRequestConcurrency":80,"availableCpu":"1"},"state":"ACTIVE","updateTime":"2024-02-28T21:21:53.438692437Z","labels":{"deployment-tool":"cli-firebase","deployment-scheduled":"true","firebase-functions-hash":"8d53dc8ff146ed0eec53ff64dc82e5d54dc56643"},"environment":"GEN_2","url":"https://us-central1-betbetbonanza.cloudfunctions.net/updateGameResults","createTime":"2024-02-28T21:21:53.438692437Z"}}
[debug] [2024-02-28T21:23:12.839Z] Got source token Cldwcm9qZWN0cy8xNzUxMTg0NDI0NTgvbG9jYXRpb25zL3VzLWNlbnRyYWwxL2J1aWxkcy83Yjc1YzE5NC1jY2EwLTRhM2ItOGU1Yi1lZDhlZmViOTYyYTgSVHVzLWNlbnRyYWwxLWRvY2tlci5wa2cuZGV2L2JldGJldGJvbmFuemEvZ2NmLWFydGlmYWN0cy91cGRhdGVfZ2FtZV9yZXN1bHRzOnZlcnNpb25fMRjav/2ujAUiSHByb2plY3RzL2JldGJldGJvbmFuemEvbG9jYXRpb25zL3VzLWNlbnRyYWwxL2Z1bmN0aW9ucy91cGRhdGVHYW1lUmVzdWx0cyoLCKrI/q4GEPDh1AgyCG5vZGVqczE4 for region us-central1
[debug] [2024-02-28T21:23:12.841Z] >>> [apiv2][query] POST https://run.googleapis.com/v1/projects/betbetbonanza/locations/us-central1/services/updategameresults:setIamPolicy [none]
[debug] [2024-02-28T21:23:12.842Z] >>> [apiv2][body] POST https://run.googleapis.com/v1/projects/betbetbonanza/locations/us-central1/services/updategameresults:setIamPolicy {"policy":{"bindings":[{"role":"roles/run.invoker","members":["serviceAccount:175118442458-compute@developer.gserviceaccount.com"]}],"etag":"","version":3},"updateMask":"bindings,etag,version"}
[debug] [2024-02-28T21:23:13.412Z] <<< [apiv2][status] POST https://run.googleapis.com/v1/projects/betbetbonanza/locations/us-central1/services/updategameresults:setIamPolicy 403
[debug] [2024-02-28T21:23:13.413Z] <<< [apiv2][body] POST https://run.googleapis.com/v1/projects/betbetbonanza/locations/us-central1/services/updategameresults:setIamPolicy {"error":{"code":403,"message":"Permission 'run.services.setIamPolicy' denied on resource 'projects/betbetbonanza/locations/us-central1/services/updategameresults' (or resource may not exist).","status":"PERMISSION_DENIED"}}
[error] Failed to set the IAM Policy on the Service projects/betbetbonanza/locations/us-central1/services/updategameresults
[debug] [2024-02-28T21:23:13.441Z] Total Function Deployment time: 80794
[debug] [2024-02-28T21:23:13.441Z] 1 Functions Deployed
[debug] [2024-02-28T21:23:13.441Z] 1 Functions Errored
[debug] [2024-02-28T21:23:13.441Z] 0 Function Deployments Aborted
[debug] [2024-02-28T21:23:13.442Z] Average Function Deployment time: 80791
[info] 
[info] Functions deploy had errors with the following functions:
	updateGameResults(us-central1)
[info] 
[info] Unable to set the invoker for the IAM policy on the following functions:
	updateGameResults(us-central1)
[info] 
[info] Some common causes of this:
[info] 
[info] - You may not have the roles/functions.admin IAM role. Note that roles/functions.developer does not allow you to change IAM policies.
[info] 
[info] - An organization policy that restricts Network Access on your project.
[info] i  functions: cleaning up build files... 
[debug] [2024-02-28T21:23:13.545Z] >>> [apiv2][query] DELETE https://artifactregistry.googleapis.com/v1beta2/projects/betbetbonanza/locations/us-central1/repositories/gcf-artifacts/packages/update_game_results [none]
[debug] [2024-02-28T21:23:13.546Z] >>> [apiv2][query] GET https://us.gcr.io/v2/betbetbonanza/gcf/us-central1/tags/list [none]
[debug] [2024-02-28T21:23:14.041Z] <<< [apiv2][status] GET https://us.gcr.io/v2/betbetbonanza/gcf/us-central1/tags/list 404
[debug] [2024-02-28T21:23:14.041Z] <<< [apiv2][body] GET https://us.gcr.io/v2/betbetbonanza/gcf/us-central1/tags/list {"errors":[{"code":"NAME_UNKNOWN","message":"Repository \"us.gcr.io\" not found"}]}
[debug] [2024-02-28T21:23:14.042Z] Failed docker command with error  HTTP Error: 404, Not Found {"name":"FirebaseError","children":[],"context":{"body":{"errors":[{"code":"NAME_UNKNOWN","message":"Repository \"us.gcr.io\" not found"}],"error":{"message":"Not Found"}},"response":{"statusCode":404}},"exit":1,"message":"HTTP Error: 404, Not Found","status":404}
[debug] [2024-02-28T21:23:14.045Z] >>> [apiv2][query] GET https://us.gcr.io/v2/betbetbonanza/gcf/us-central1/tags/list [none]
[debug] [2024-02-28T21:23:14.052Z] <<< [apiv2][status] DELETE https://artifactregistry.googleapis.com/v1beta2/projects/betbetbonanza/locations/us-central1/repositories/gcf-artifacts/packages/update_game_results 200
[debug] [2024-02-28T21:23:14.053Z] <<< [apiv2][body] DELETE https://artifactregistry.googleapis.com/v1beta2/projects/betbetbonanza/locations/us-central1/repositories/gcf-artifacts/packages/update_game_results {"name":"projects/betbetbonanza/locations/us-central1/operations/24e73d4f-026a-45d3-b230-7e4b779df901","metadata":{"@type":"type.googleapis.com/google.devtools.artifactregistry.v1beta2.OperationMetadata"}}
[debug] [2024-02-28T21:23:14.054Z] >>> [apiv2][query] GET https://artifactregistry.googleapis.com/v1beta2/projects/betbetbonanza/locations/us-central1/operations/24e73d4f-026a-45d3-b230-7e4b779df901 [none]
[debug] [2024-02-28T21:23:14.332Z] <<< [apiv2][status] GET https://us.gcr.io/v2/betbetbonanza/gcf/us-central1/tags/list 404
[debug] [2024-02-28T21:23:14.333Z] <<< [apiv2][body] GET https://us.gcr.io/v2/betbetbonanza/gcf/us-central1/tags/list {"errors":[{"code":"NAME_UNKNOWN","message":"Repository \"us.gcr.io\" not found"}]}
[debug] [2024-02-28T21:23:14.335Z] Failed docker command with error  HTTP Error: 404, Not Found {"name":"FirebaseError","children":[],"context":{"body":{"errors":[{"code":"NAME_UNKNOWN","message":"Repository \"us.gcr.io\" not found"}],"error":{"message":"Not Found"}},"response":{"statusCode":404}},"exit":1,"message":"HTTP Error: 404, Not Found","status":404}
[debug] [2024-02-28T21:23:14.437Z] >>> [apiv2][query] GET https://us.gcr.io/v2/betbetbonanza/gcf/us-central1/tags/list [none]
[debug] [2024-02-28T21:23:14.444Z] <<< [apiv2][status] GET https://artifactregistry.googleapis.com/v1beta2/projects/betbetbonanza/locations/us-central1/operations/24e73d4f-026a-45d3-b230-7e4b779df901 200
[debug] [2024-02-28T21:23:14.445Z] <<< [apiv2][body] GET https://artifactregistry.googleapis.com/v1beta2/projects/betbetbonanza/locations/us-central1/operations/24e73d4f-026a-45d3-b230-7e4b779df901 {"name":"projects/betbetbonanza/locations/us-central1/operations/24e73d4f-026a-45d3-b230-7e4b779df901","metadata":{"@type":"type.googleapis.com/google.devtools.artifactregistry.v1beta2.OperationMetadata"},"done":true,"response":{"@type":"type.googleapis.com/google.protobuf.Empty"}}
[debug] [2024-02-28T21:23:14.714Z] <<< [apiv2][status] GET https://us.gcr.io/v2/betbetbonanza/gcf/us-central1/tags/list 404
[debug] [2024-02-28T21:23:14.714Z] <<< [apiv2][body] GET https://us.gcr.io/v2/betbetbonanza/gcf/us-central1/tags/list {"errors":[{"code":"NAME_UNKNOWN","message":"Repository \"us.gcr.io\" not found"}]}
[debug] [2024-02-28T21:23:14.715Z] Failed docker command with error  HTTP Error: 404, Not Found {"name":"FirebaseError","children":[],"context":{"body":{"errors":[{"code":"NAME_UNKNOWN","message":"Repository \"us.gcr.io\" not found"}],"error":{"message":"Not Found"}},"response":{"statusCode":404}},"exit":1,"message":"HTTP Error: 404, Not Found","status":404}
[warn] !  functions: Unhandled error cleaning up build images. This could result in a small monthly bill if not corrected. You can attempt to delete these images by redeploying or you can delete them manually at https://console.cloud.google.com/gcr/images/betbetbonanza/us/gcf 
[debug] [2024-02-28T21:23:14.719Z] Functions deploy failed.
[debug] [2024-02-28T21:23:14.719Z] {
  "endpoint": {
    "id": "updateGameResults",
    "project": "betbetbonanza",
    "region": "us-central1",
    "entryPoint": "updateGameResults",
    "platform": "gcfv2",
    "runtime": "nodejs18",
    "scheduleTrigger": {
      "schedule": "every 4 hours",
      "timeZone": null,
      "retryConfig": {
        "maxBackoffSeconds": null,
        "minBackoffSeconds": null,
        "maxRetrySeconds": null,
        "retryCount": null,
        "maxDoublings": null
      }
    },
    "labels": {
      "deployment-tool": "cli-firebase"
    },
    "ingressSettings": null,
    "availableMemoryMb": null,
    "serviceAccount": null,
    "timeoutSeconds": null,
    "maxInstances": null,
    "minInstances": null,
    "concurrency": 80,
    "vpc": null,
    "environmentVariables": {
      "FIREBASE_CONFIG": "{\"projectId\":\"betbetbonanza\",\"databaseURL\":\"https://betbetbonanza-default-rtdb.firebaseio.com\",\"storageBucket\":\"betbetbonanza.appspot.com\",\"locationId\":\"us-central\"}",
      "GCLOUD_PROJECT": "betbetbonanza",
      "EVENTARC_CLOUD_EVENT_SOURCE": "projects/betbetbonanza/locations/us-central1/services/updateGameResults"
    },
    "codebase": "default",
    "cpu": 1,
    "targetedByOnly": false,
    "hash": "8d53dc8ff146ed0eec53ff64dc82e5d54dc56643",
    "uri": "https://updategameresults-g2ypzybapa-uc.a.run.app",
    "runServiceId": "updategameresults"
  },
  "op": "set invoker",
  "original": {
    "name": "FirebaseError",
    "children": [],
    "exit": 1,
    "message": "Failed to set the IAM Policy on the Service projects/betbetbonanza/locations/us-central1/services/updategameresults",
    "original": {
      "name": "FirebaseError",
      "children": [],
      "context": {
        "body": {
          "error": {
            "code": 403,
            "message": "Permission 'run.services.setIamPolicy' denied on resource 'projects/betbetbonanza/locations/us-central1/services/updategameresults' (or resource may not exist).",
            "status": "PERMISSION_DENIED"
          }
        },
        "response": {
          "statusCode": 403
        }
      },
      "exit": 1,
      "message": "HTTP Error: 403, Permission 'run.services.setIamPolicy' denied on resource 'projects/betbetbonanza/locations/us-central1/services/updategameresults' (or resource may not exist).",
      "status": 403
    },
    "status": 403,
    "code": 403
  }
}
[debug] [2024-02-28T21:23:14.807Z] Error: Failed to set invoker function updateGameResults in region us-central1
    at C:\Users\edvin\AppData\Roaming\npm\node_modules\firebase-tools\lib\deploy\functions\release\fabricator.js:51:11
    at process.processTicksAndRejections (node:internal/process/task_queues:95:5)
    at async Fabricator.createV2Function (C:\Users\edvin\AppData\Roaming\npm\node_modules\firebase-tools\lib\deploy\functions\release\fabricator.js:334:13)
    at async Fabricator.createEndpoint (C:\Users\edvin\AppData\Roaming\npm\node_modules\firebase-tools\lib\deploy\functions\release\fabricator.js:136:13)
    at async handle (C:\Users\edvin\AppData\Roaming\npm\node_modules\firebase-tools\lib\deploy\functions\release\fabricator.js:88:17)
[error] 
[error] Error: There was an error deploying functions
